{"/home/travis/build/npmtest/node-npmtest-maildev/test.js":{"path":"/home/travis/build/npmtest/node-npmtest-maildev/test.js","s":{"1":2,"2":2,"3":2,"4":2,"5":2,"6":2,"7":2,"8":1,"9":2,"10":2,"11":1,"12":1,"13":1,"14":1,"15":2,"16":2,"17":2,"18":2,"19":1,"20":1,"21":2,"22":2,"23":2,"24":1,"25":1,"26":1,"27":1,"28":1,"29":1,"30":1,"31":1,"32":1,"33":1,"34":1,"35":1,"36":1,"37":1,"38":1,"39":2,"40":2,"41":1,"42":2,"43":2,"44":1,"45":2,"46":2,"47":1,"48":2,"49":2,"50":1,"51":1,"52":1,"53":1,"54":1},"b":{"1":[2,1,1,1],"2":[1,1,1,1],"3":[1,1],"4":[1,1],"5":[1,1],"6":[1,1],"7":[1,1],"8":[1,1],"9":[1,1],"10":[1,1,1],"11":[1,1],"12":[1,1],"13":[1,1],"14":[1,1],"15":[1,1],"16":[1,1],"17":[1,1]},"f":{"1":2,"2":2,"3":2,"4":2,"5":2,"6":1,"7":1,"8":1,"9":2,"10":2,"11":2,"12":2,"13":1},"fnMap":{"1":{"name":"(anonymous_1)","line":12,"loc":{"start":{"line":12,"column":1},"end":{"line":12,"column":13}}},"2":{"name":"(anonymous_2)","line":19,"loc":{"start":{"line":19,"column":5},"end":{"line":19,"column":17}}},"3":{"name":"(anonymous_3)","line":23,"loc":{"start":{"line":23,"column":24},"end":{"line":23,"column":36}}},"4":{"name":"(anonymous_4)","line":61,"loc":{"start":{"line":61,"column":5},"end":{"line":61,"column":17}}},"5":{"name":"(anonymous_5)","line":82,"loc":{"start":{"line":82,"column":5},"end":{"line":82,"column":17}}},"6":{"name":"(anonymous_6)","line":91,"loc":{"start":{"line":91,"column":77},"end":{"line":94,"column":10}}},"7":{"name":"(anonymous_7)","line":112,"loc":{"start":{"line":112,"column":83},"end":{"line":115,"column":10}},"skip":true},"8":{"name":"(anonymous_8)","line":123,"loc":{"start":{"line":123,"column":77},"end":{"line":126,"column":10}},"skip":true},"9":{"name":"(anonymous_9)","line":139,"loc":{"start":{"line":139,"column":12},"end":{"line":139,"column":40}},"skip":true},"10":{"name":"(anonymous_10)","line":147,"loc":{"start":{"line":147,"column":77},"end":{"line":150,"column":10}},"skip":true},"11":{"name":"(anonymous_11)","line":158,"loc":{"start":{"line":158,"column":83},"end":{"line":161,"column":10}},"skip":true},"12":{"name":"(anonymous_12)","line":169,"loc":{"start":{"line":169,"column":79},"end":{"line":172,"column":10}},"skip":true},"13":{"name":"(anonymous_13)","line":180,"loc":{"start":{"line":180,"column":75},"end":{"line":183,"column":10}},"skip":true}},"statementMap":{"1":{"start":{"line":12,"column":0},"end":{"line":195,"column":5}},"2":{"start":{"line":14,"column":4},"end":{"line":14,"column":14}},"3":{"start":{"line":19,"column":4},"end":{"line":56,"column":9}},"4":{"start":{"line":21,"column":8},"end":{"line":21,"column":19}},"5":{"start":{"line":23,"column":8},"end":{"line":35,"column":13}},"6":{"start":{"line":24,"column":12},"end":{"line":34,"column":13}},"7":{"start":{"line":25,"column":16},"end":{"line":28,"column":30}},"8":{"start":{"line":30,"column":16},"end":{"line":33,"column":27}},"9":{"start":{"line":37,"column":8},"end":{"line":39,"column":21}},"10":{"start":{"line":40,"column":8},"end":{"line":53,"column":9}},"11":{"start":{"line":43,"column":12},"end":{"line":46,"column":14}},"12":{"start":{"line":47,"column":12},"end":{"line":47,"column":18}},"13":{"start":{"line":50,"column":12},"end":{"line":51,"column":46}},"14":{"start":{"line":52,"column":12},"end":{"line":52,"column":18}},"15":{"start":{"line":55,"column":8},"end":{"line":55,"column":35}},"16":{"start":{"line":61,"column":4},"end":{"line":63,"column":9}},"17":{"start":{"line":62,"column":8},"end":{"line":62,"column":15}},"18":{"start":{"line":64,"column":4},"end":{"line":77,"column":5}},"19":{"start":{"line":70,"column":8},"end":{"line":70,"column":14}},"20":{"start":{"line":76,"column":8},"end":{"line":76,"column":14}},"21":{"start":{"line":82,"column":4},"end":{"line":84,"column":9}},"22":{"start":{"line":83,"column":8},"end":{"line":83,"column":15}},"23":{"start":{"line":85,"column":4},"end":{"line":194,"column":5}},"24":{"start":{"line":91,"column":8},"end":{"line":99,"column":10}},"25":{"start":{"line":98,"column":12},"end":{"line":98,"column":35}},"26":{"start":{"line":102,"column":8},"end":{"line":104,"column":63}},"27":{"start":{"line":105,"column":8},"end":{"line":105,"column":14}},"28":{"start":{"line":112,"column":8},"end":{"line":121,"column":10},"skip":true},"29":{"start":{"line":119,"column":12},"end":{"line":119,"column":55},"skip":true},"30":{"start":{"line":120,"column":12},"end":{"line":120,"column":48},"skip":true},"31":{"start":{"line":123,"column":8},"end":{"line":136,"column":10},"skip":true},"32":{"start":{"line":130,"column":12},"end":{"line":130,"column":76},"skip":true},"33":{"start":{"line":131,"column":12},"end":{"line":131,"column":73},"skip":true},"34":{"start":{"line":132,"column":12},"end":{"line":132,"column":74},"skip":true},"35":{"start":{"line":133,"column":12},"end":{"line":133,"column":79},"skip":true},"36":{"start":{"line":134,"column":12},"end":{"line":134,"column":25},"skip":true},"37":{"start":{"line":135,"column":12},"end":{"line":135,"column":45},"skip":true},"38":{"start":{"line":138,"column":8},"end":{"line":145,"column":14},"skip":true},"39":{"start":{"line":143,"column":16},"end":{"line":143,"column":29},"skip":true},"40":{"start":{"line":144,"column":16},"end":{"line":144,"column":55},"skip":true},"41":{"start":{"line":147,"column":8},"end":{"line":156,"column":10},"skip":true},"42":{"start":{"line":154,"column":12},"end":{"line":154,"column":25},"skip":true},"43":{"start":{"line":155,"column":12},"end":{"line":155,"column":45},"skip":true},"44":{"start":{"line":158,"column":8},"end":{"line":167,"column":10},"skip":true},"45":{"start":{"line":165,"column":12},"end":{"line":165,"column":25},"skip":true},"46":{"start":{"line":166,"column":12},"end":{"line":166,"column":48},"skip":true},"47":{"start":{"line":169,"column":8},"end":{"line":178,"column":10},"skip":true},"48":{"start":{"line":176,"column":12},"end":{"line":176,"column":25},"skip":true},"49":{"start":{"line":177,"column":12},"end":{"line":177,"column":46},"skip":true},"50":{"start":{"line":180,"column":8},"end":{"line":189,"column":10},"skip":true},"51":{"start":{"line":187,"column":12},"end":{"line":187,"column":94},"skip":true},"52":{"start":{"line":188,"column":12},"end":{"line":188,"column":48},"skip":true},"53":{"start":{"line":192,"column":8},"end":{"line":192,"column":35},"skip":true},"54":{"start":{"line":193,"column":8},"end":{"line":193,"column":14},"skip":true}},"branchMap":{"1":{"line":25,"type":"binary-expr","locations":[{"start":{"line":25,"column":23},"end":{"line":25,"column":62}},{"start":{"line":26,"column":20},"end":{"line":26,"column":70}},{"start":{"line":27,"column":20},"end":{"line":27,"column":71}},{"start":{"line":28,"column":20},"end":{"line":28,"column":29}}]},"2":{"line":30,"type":"binary-expr","locations":[{"start":{"line":30,"column":23},"end":{"line":30,"column":37}},{"start":{"line":31,"column":20},"end":{"line":31,"column":61}},{"start":{"line":32,"column":20},"end":{"line":32,"column":70}},{"start":{"line":33,"column":20},"end":{"line":33,"column":26}}]},"3":{"line":37,"type":"cond-expr","locations":[{"start":{"line":38,"column":14},"end":{"line":38,"column":20}},{"start":{"line":39,"column":14},"end":{"line":39,"column":20}}]},"4":{"line":40,"type":"switch","locations":[{"start":{"line":42,"column":8},"end":{"line":47,"column":18}},{"start":{"line":49,"column":8},"end":{"line":52,"column":18}}]},"5":{"line":44,"type":"binary-expr","locations":[{"start":{"line":44,"column":16},"end":{"line":44,"column":44}},{"start":{"line":44,"column":48},"end":{"line":44,"column":66}}]},"6":{"line":50,"type":"binary-expr","locations":[{"start":{"line":50,"column":21},"end":{"line":50,"column":49}},{"start":{"line":50,"column":53},"end":{"line":50,"column":72}}]},"7":{"line":64,"type":"switch","locations":[{"start":{"line":69,"column":4},"end":{"line":70,"column":14}},{"start":{"line":75,"column":4},"end":{"line":76,"column":14}}]},"8":{"line":85,"type":"switch","locations":[{"start":{"line":90,"column":4},"end":{"line":105,"column":14}},{"start":{"line":111,"column":4},"end":{"line":193,"column":14},"skip":true}]},"9":{"line":91,"type":"binary-expr","locations":[{"start":{"line":91,"column":42},"end":{"line":91,"column":73}},{"start":{"line":91,"column":77},"end":{"line":99,"column":9}}]},"10":{"line":102,"type":"binary-expr","locations":[{"start":{"line":102,"column":18},"end":{"line":102,"column":32}},{"start":{"line":103,"column":12},"end":{"line":103,"column":53}},{"start":{"line":104,"column":12},"end":{"line":104,"column":61}}]},"11":{"line":112,"type":"binary-expr","locations":[{"start":{"line":112,"column":45},"end":{"line":112,"column":79},"skip":true},{"start":{"line":112,"column":83},"end":{"line":121,"column":9},"skip":true}]},"12":{"line":123,"type":"binary-expr","locations":[{"start":{"line":123,"column":42},"end":{"line":123,"column":73},"skip":true},{"start":{"line":123,"column":77},"end":{"line":136,"column":9},"skip":true}]},"13":{"line":138,"type":"binary-expr","locations":[{"start":{"line":138,"column":48},"end":{"line":138,"column":85},"skip":true},{"start":{"line":139,"column":12},"end":{"line":145,"column":13},"skip":true}]},"14":{"line":147,"type":"binary-expr","locations":[{"start":{"line":147,"column":42},"end":{"line":147,"column":73},"skip":true},{"start":{"line":147,"column":77},"end":{"line":156,"column":9},"skip":true}]},"15":{"line":158,"type":"binary-expr","locations":[{"start":{"line":158,"column":45},"end":{"line":158,"column":79},"skip":true},{"start":{"line":158,"column":83},"end":{"line":167,"column":9},"skip":true}]},"16":{"line":169,"type":"binary-expr","locations":[{"start":{"line":169,"column":43},"end":{"line":169,"column":75},"skip":true},{"start":{"line":169,"column":79},"end":{"line":178,"column":9},"skip":true}]},"17":{"line":180,"type":"binary-expr","locations":[{"start":{"line":180,"column":41},"end":{"line":180,"column":71},"skip":true},{"start":{"line":180,"column":75},"end":{"line":189,"column":9},"skip":true}]}},"code":["/* istanbul instrument in package npmtest_maildev */","/*jslint","    bitwise: true,","    browser: true,","    maxerr: 8,","    maxlen: 96,","    node: true,","    nomen: true,","    regexp: true,","    stupid: true","*/","(function () {","    'use strict';","    var local;","","","","    // run shared js-env code - pre-init","    (function () {","        // init local","        local = {};","        // init modeJs","        local.modeJs = (function () {","            try {","                return typeof navigator.userAgent === 'string' &&","                    typeof document.querySelector('body') === 'object' &&","                    typeof XMLHttpRequest.prototype.open === 'function' &&","                    'browser';","            } catch (errorCaughtBrowser) {","                return module.exports &&","                    typeof process.versions.node === 'string' &&","                    typeof require('http').createServer === 'function' &&","                    'node';","            }","        }());","        // init global","        local.global = local.modeJs === 'browser'","            ? window","            : global;","        switch (local.modeJs) {","        // re-init local from window.local","        case 'browser':","            local = local.global.utility2.objectSetDefault(","                local.global.utility2_rollup || local.global.local,","                local.global.utility2","            );","            break;","        // re-init local from example.js","        case 'node':","            local = (local.global.utility2_rollup || require('utility2'))","                .requireExampleJsFromReadme();","            break;","        }","        // export local","        local.global.local = local;","    }());","","","","    // run shared js-env code - function","    (function () {","        return;","    }());","    switch (local.modeJs) {","","","","    // run browser js-env code - function","    case 'browser':","        break;","","","","    // run node js-env code - function","    case 'node':","        break;","    }","","","","    // run shared js-env code - post-init","    (function () {","        return;","    }());","    switch (local.modeJs) {","","","","    // run browser js-env code - post-init","    case 'browser':","        local.testCase_browser_nullCase = local.testCase_browser_nullCase || function (","            options,","            onError","        ) {","        /*","         * this function will test browsers's null-case handling-behavior-behavior","         */","            onError(null, options);","        };","","        // run tests","        local.nop(local.modeTest &&","            document.querySelector('#testRunButton1') &&","            document.querySelector('#testRunButton1').click());","        break;","","","","    // run node js-env code - post-init","    /* istanbul ignore next */","    case 'node':","        local.testCase_buildApidoc_default = local.testCase_buildApidoc_default || function (","            options,","            onError","        ) {","        /*","         * this function will test buildApidoc's default handling-behavior-behavior","         */","            options = { modulePathList: module.paths };","            local.buildApidoc(options, onError);","        };","","        local.testCase_buildApp_default = local.testCase_buildApp_default || function (","            options,","            onError","        ) {","        /*","         * this function will test buildApp's default handling-behavior-behavior","         */","            local.testCase_buildReadme_default(options, local.onErrorThrow);","            local.testCase_buildLib_default(options, local.onErrorThrow);","            local.testCase_buildTest_default(options, local.onErrorThrow);","            local.testCase_buildCustomOrg_default(options, local.onErrorThrow);","            options = [];","            local.buildApp(options, onError);","        };","","        local.testCase_buildCustomOrg_default = local.testCase_buildCustomOrg_default ||","            function (options, onError) {","            /*","             * this function will test buildCustomOrg's default handling-behavior","             */","                options = {};","                local.buildCustomOrg(options, onError);","            };","","        local.testCase_buildLib_default = local.testCase_buildLib_default || function (","            options,","            onError","        ) {","        /*","         * this function will test buildLib's default handling-behavior","         */","            options = {};","            local.buildLib(options, onError);","        };","","        local.testCase_buildReadme_default = local.testCase_buildReadme_default || function (","            options,","            onError","        ) {","        /*","         * this function will test buildReadme's default handling-behavior-behavior","         */","            options = {};","            local.buildReadme(options, onError);","        };","","        local.testCase_buildTest_default = local.testCase_buildTest_default || function (","            options,","            onError","        ) {","        /*","         * this function will test buildTest's default handling-behavior","         */","            options = {};","            local.buildTest(options, onError);","        };","","        local.testCase_webpage_default = local.testCase_webpage_default || function (","            options,","            onError","        ) {","        /*","         * this function will test webpage's default handling-behavior","         */","            options = { modeCoverageMerge: true, url: local.serverLocalHost + '?modeTest=1' };","            local.browserTest(options, onError);","        };","","        // run test-server","        local.testRunServer(local);","        break;","    }","}());",""],"l":{"12":2,"14":2,"19":2,"21":2,"23":2,"24":2,"25":2,"30":1,"37":2,"40":2,"43":1,"47":1,"50":1,"52":1,"55":2,"61":2,"62":2,"64":2,"70":1,"76":1,"82":2,"83":2,"85":2,"91":1,"98":1,"102":1,"105":1,"112":1,"119":1,"120":1,"123":1,"130":1,"131":1,"132":1,"133":1,"134":1,"135":1,"138":1,"143":2,"144":2,"147":1,"154":2,"155":2,"158":1,"165":2,"166":2,"169":1,"176":2,"177":2,"180":1,"187":1,"188":1,"192":1,"193":1}},"/home/travis/build/npmtest/node-npmtest-maildev/lib.npmtest_maildev.js":{"path":"/home/travis/build/npmtest/node-npmtest-maildev/lib.npmtest_maildev.js","s":{"1":2,"2":2,"3":2,"4":2,"5":2,"6":2,"7":2,"8":1,"9":2,"10":2,"11":2,"12":2,"13":1,"14":1,"15":1,"16":1},"b":{"1":[2,1,1,1],"2":[1,1,1,1],"3":[1,1],"4":[2,2],"5":[1,1]},"f":{"1":2,"2":2,"3":2},"fnMap":{"1":{"name":"(anonymous_1)","line":12,"loc":{"start":{"line":12,"column":1},"end":{"line":12,"column":13}}},"2":{"name":"(anonymous_2)","line":19,"loc":{"start":{"line":19,"column":5},"end":{"line":19,"column":17}}},"3":{"name":"(anonymous_3)","line":23,"loc":{"start":{"line":23,"column":24},"end":{"line":23,"column":36}}}},"statementMap":{"1":{"start":{"line":12,"column":0},"end":{"line":53,"column":5}},"2":{"start":{"line":14,"column":4},"end":{"line":14,"column":14}},"3":{"start":{"line":19,"column":4},"end":{"line":52,"column":9}},"4":{"start":{"line":21,"column":8},"end":{"line":21,"column":19}},"5":{"start":{"line":23,"column":8},"end":{"line":35,"column":13}},"6":{"start":{"line":24,"column":12},"end":{"line":34,"column":13}},"7":{"start":{"line":25,"column":16},"end":{"line":28,"column":30}},"8":{"start":{"line":30,"column":16},"end":{"line":33,"column":27}},"9":{"start":{"line":37,"column":8},"end":{"line":39,"column":21}},"10":{"start":{"line":41,"column":8},"end":{"line":41,"column":54}},"11":{"start":{"line":43,"column":8},"end":{"line":43,"column":52}},"12":{"start":{"line":45,"column":8},"end":{"line":51,"column":9}},"13":{"start":{"line":46,"column":12},"end":{"line":46,"column":58}},"14":{"start":{"line":48,"column":12},"end":{"line":48,"column":35}},"15":{"start":{"line":49,"column":12},"end":{"line":49,"column":49}},"16":{"start":{"line":50,"column":12},"end":{"line":50,"column":43}}},"branchMap":{"1":{"line":25,"type":"binary-expr","locations":[{"start":{"line":25,"column":23},"end":{"line":25,"column":62}},{"start":{"line":26,"column":20},"end":{"line":26,"column":70}},{"start":{"line":27,"column":20},"end":{"line":27,"column":71}},{"start":{"line":28,"column":20},"end":{"line":28,"column":29}}]},"2":{"line":30,"type":"binary-expr","locations":[{"start":{"line":30,"column":23},"end":{"line":30,"column":37}},{"start":{"line":31,"column":20},"end":{"line":31,"column":61}},{"start":{"line":32,"column":20},"end":{"line":32,"column":70}},{"start":{"line":33,"column":20},"end":{"line":33,"column":26}}]},"3":{"line":37,"type":"cond-expr","locations":[{"start":{"line":38,"column":14},"end":{"line":38,"column":20}},{"start":{"line":39,"column":14},"end":{"line":39,"column":20}}]},"4":{"line":41,"type":"binary-expr","locations":[{"start":{"line":41,"column":16},"end":{"line":41,"column":44}},{"start":{"line":41,"column":48},"end":{"line":41,"column":53}}]},"5":{"line":45,"type":"if","locations":[{"start":{"line":45,"column":8},"end":{"line":45,"column":8}},{"start":{"line":45,"column":8},"end":{"line":45,"column":8}}]}},"code":["/* istanbul instrument in package npmtest_maildev */","/*jslint","    bitwise: true,","    browser: true,","    maxerr: 8,","    maxlen: 96,","    node: true,","    nomen: true,","    regexp: true,","    stupid: true","*/","(function () {","    'use strict';","    var local;","","","","    // run shared js-env code - pre-init","    (function () {","        // init local","        local = {};","        // init modeJs","        local.modeJs = (function () {","            try {","                return typeof navigator.userAgent === 'string' &&","                    typeof document.querySelector('body') === 'object' &&","                    typeof XMLHttpRequest.prototype.open === 'function' &&","                    'browser';","            } catch (errorCaughtBrowser) {","                return module.exports &&","                    typeof process.versions.node === 'string' &&","                    typeof require('http').createServer === 'function' &&","                    'node';","            }","        }());","        // init global","        local.global = local.modeJs === 'browser'","            ? window","            : global;","        // init utility2_rollup","        local = local.global.utility2_rollup || local;","        // init lib","        local.local = local.npmtest_maildev = local;","        // init exports","        if (local.modeJs === 'browser') {","            local.global.utility2_npmtest_maildev = local;","        } else {","            module.exports = local;","            module.exports.__dirname = __dirname;","            module.exports.module = module;","        }","    }());","}());",""],"l":{"12":2,"14":2,"19":2,"21":2,"23":2,"24":2,"25":2,"30":1,"37":2,"41":2,"43":2,"45":2,"46":1,"48":1,"49":1,"50":1}},"/home/travis/build/npmtest/node-npmtest-maildev/example.js":{"path":"/home/travis/build/npmtest/node-npmtest-maildev/example.js","s":{"1":2,"2":2,"3":2,"4":2,"5":2,"6":2,"7":2,"8":1,"9":2,"10":2,"11":2,"12":2,"13":1,"14":2,"15":2,"16":2,"17":2,"18":2,"19":0,"20":2,"21":1,"22":1,"23":1,"24":1,"25":1,"26":0,"27":0,"28":1,"29":1,"30":2,"31":0,"32":0,"33":0,"34":1,"35":2,"36":2,"37":3,"38":3,"39":3,"40":3,"41":0,"42":3,"43":3,"44":3,"45":1,"46":3,"47":1,"48":1,"49":1,"50":1,"51":1,"52":1,"53":1,"54":1,"55":1,"56":1,"57":0,"58":1,"59":6,"60":6,"61":1,"62":2,"63":0,"64":2,"65":1,"66":1,"67":0,"68":0,"69":0,"70":0,"71":0,"72":0,"73":0,"74":0,"75":0,"76":0,"77":0,"78":0,"79":0,"80":0,"81":0,"82":0,"83":0},"b":{"1":[2,1,1,1],"2":[1,1,1,1],"3":[1,1],"4":[2,2],"5":[1,1],"6":[1,1],"7":[2,0],"8":[2,1,1,1,1,1],"9":[0,2,0],"10":[1,1],"11":[2,1,1],"12":[1,0],"13":[0,2],"14":[2,0,0,0,0,0,0],"15":[0,3],"16":[3,0],"17":[1,1],"18":[0,1],"19":[1,2,0,2],"20":[1,0],"21":[1,1],"22":[0,0],"23":[0,0],"24":[0,0],"25":[0,0],"26":[0,0],"27":[0,0],"28":[0,0]},"f":{"1":2,"2":2,"3":2,"4":2,"5":2,"6":2,"7":3,"8":3,"9":3,"10":1,"11":6,"12":0},"fnMap":{"1":{"name":"(anonymous_1)","line":26,"loc":{"start":{"line":26,"column":1},"end":{"line":26,"column":13}}},"2":{"name":"(anonymous_2)","line":33,"loc":{"start":{"line":33,"column":5},"end":{"line":33,"column":17}}},"3":{"name":"(anonymous_3)","line":37,"loc":{"start":{"line":37,"column":24},"end":{"line":37,"column":36}}},"4":{"name":"(anonymous_4)","line":69,"loc":{"start":{"line":69,"column":31},"end":{"line":69,"column":48}},"skip":true},"5":{"name":"(anonymous_5)","line":78,"loc":{"start":{"line":78,"column":26},"end":{"line":78,"column":45}},"skip":true},"6":{"name":"(anonymous_6)","line":123,"loc":{"start":{"line":123,"column":33},"end":{"line":123,"column":48}},"skip":true},"7":{"name":"(anonymous_7)","line":125,"loc":{"start":{"line":125,"column":27},"end":{"line":125,"column":39}},"skip":true},"8":{"name":"(anonymous_8)","line":133,"loc":{"start":{"line":133,"column":59},"end":{"line":133,"column":74}},"skip":true},"9":{"name":"(anonymous_9)","line":143,"loc":{"start":{"line":143,"column":45},"end":{"line":143,"column":62}},"skip":true},"10":{"name":"(anonymous_10)","line":144,"loc":{"start":{"line":144,"column":73},"end":{"line":144,"column":92}},"skip":true},"11":{"name":"(anonymous_11)","line":272,"loc":{"start":{"line":272,"column":51},"end":{"line":272,"column":77}},"skip":true},"12":{"name":"(anonymous_12)","line":315,"loc":{"start":{"line":315,"column":32},"end":{"line":315,"column":61}},"skip":true}},"statementMap":{"1":{"start":{"line":26,"column":0},"end":{"line":326,"column":5}},"2":{"start":{"line":28,"column":4},"end":{"line":28,"column":14}},"3":{"start":{"line":33,"column":4},"end":{"line":60,"column":9}},"4":{"start":{"line":35,"column":8},"end":{"line":35,"column":19}},"5":{"start":{"line":37,"column":8},"end":{"line":49,"column":13}},"6":{"start":{"line":38,"column":12},"end":{"line":48,"column":13}},"7":{"start":{"line":39,"column":16},"end":{"line":42,"column":30}},"8":{"start":{"line":44,"column":16},"end":{"line":47,"column":27}},"9":{"start":{"line":51,"column":8},"end":{"line":53,"column":21}},"10":{"start":{"line":55,"column":8},"end":{"line":57,"column":45}},"11":{"start":{"line":59,"column":8},"end":{"line":59,"column":35}},"12":{"start":{"line":61,"column":4},"end":{"line":325,"column":5}},"13":{"start":{"line":69,"column":8},"end":{"line":121,"column":10},"skip":true},"14":{"start":{"line":70,"column":12},"end":{"line":88,"column":13},"skip":true},"15":{"start":{"line":76,"column":16},"end":{"line":87,"column":19},"skip":true},"16":{"start":{"line":79,"column":20},"end":{"line":86,"column":21},"skip":true},"17":{"start":{"line":82,"column":24},"end":{"line":82,"column":43},"skip":true},"18":{"start":{"line":83,"column":24},"end":{"line":83,"column":30},"skip":true},"19":{"start":{"line":85,"column":24},"end":{"line":85,"column":49},"skip":true},"20":{"start":{"line":89,"column":12},"end":{"line":107,"column":13},"skip":true},"21":{"start":{"line":92,"column":16},"end":{"line":102,"column":17},"skip":true},"22":{"start":{"line":93,"column":20},"end":{"line":93,"column":86},"skip":true},"23":{"start":{"line":94,"column":20},"end":{"line":95,"column":45},"skip":true},"24":{"start":{"line":96,"column":20},"end":{"line":96,"column":42},"skip":true},"25":{"start":{"line":97,"column":20},"end":{"line":97,"column":48},"skip":true},"26":{"start":{"line":100,"column":20},"end":{"line":100,"column":85},"skip":true},"27":{"start":{"line":101,"column":20},"end":{"line":101,"column":96},"skip":true},"28":{"start":{"line":103,"column":16},"end":{"line":103,"column":22},"skip":true},"29":{"start":{"line":106,"column":16},"end":{"line":106,"column":22},"skip":true},"30":{"start":{"line":108,"column":12},"end":{"line":120,"column":13},"skip":true},"31":{"start":{"line":114,"column":16},"end":{"line":119,"column":17},"skip":true},"32":{"start":{"line":116,"column":20},"end":{"line":116,"column":78},"skip":true},"33":{"start":{"line":118,"column":20},"end":{"line":118,"column":47},"skip":true},"34":{"start":{"line":123,"column":8},"end":{"line":141,"column":11},"skip":true},"35":{"start":{"line":124,"column":12},"end":{"line":124,"column":54},"skip":true},"36":{"start":{"line":125,"column":12},"end":{"line":140,"column":14},"skip":true},"37":{"start":{"line":126,"column":16},"end":{"line":126,"column":28},"skip":true},"38":{"start":{"line":127,"column":16},"end":{"line":127,"column":69},"skip":true},"39":{"start":{"line":128,"column":16},"end":{"line":128,"column":75},"skip":true},"40":{"start":{"line":129,"column":16},"end":{"line":131,"column":17},"skip":true},"41":{"start":{"line":130,"column":20},"end":{"line":130,"column":27},"skip":true},"42":{"start":{"line":133,"column":16},"end":{"line":137,"column":36},"skip":true},"43":{"start":{"line":134,"column":20},"end":{"line":136,"column":55},"skip":true},"44":{"start":{"line":139,"column":16},"end":{"line":139,"column":57},"skip":true},"45":{"start":{"line":143,"column":8},"end":{"line":147,"column":11},"skip":true},"46":{"start":{"line":144,"column":12},"end":{"line":146,"column":15},"skip":true},"47":{"start":{"line":145,"column":16},"end":{"line":145,"column":70},"skip":true},"48":{"start":{"line":149,"column":8},"end":{"line":149,"column":31},"skip":true},"49":{"start":{"line":150,"column":8},"end":{"line":150,"column":14},"skip":true},"50":{"start":{"line":158,"column":8},"end":{"line":158,"column":31},"skip":true},"51":{"start":{"line":160,"column":8},"end":{"line":160,"column":33},"skip":true},"52":{"start":{"line":161,"column":8},"end":{"line":161,"column":37},"skip":true},"53":{"start":{"line":162,"column":8},"end":{"line":162,"column":35},"skip":true},"54":{"start":{"line":164,"column":8},"end":{"line":164,"column":50},"skip":true},"55":{"start":{"line":166,"column":8},"end":{"line":256,"column":2},"skip":true},"56":{"start":{"line":258,"column":8},"end":{"line":286,"column":9},"skip":true},"57":{"start":{"line":259,"column":12},"end":{"line":269,"column":14},"skip":true},"58":{"start":{"line":271,"column":12},"end":{"line":285,"column":19},"skip":true},"59":{"start":{"line":274,"column":20},"end":{"line":274,"column":35},"skip":true},"60":{"start":{"line":275,"column":20},"end":{"line":284,"column":21},"skip":true},"61":{"start":{"line":277,"column":24},"end":{"line":277,"column":64},"skip":true},"62":{"start":{"line":279,"column":24},"end":{"line":279,"column":40},"skip":true},"63":{"start":{"line":281,"column":24},"end":{"line":281,"column":40},"skip":true},"64":{"start":{"line":283,"column":24},"end":{"line":283,"column":39},"skip":true},"65":{"start":{"line":288,"column":8},"end":{"line":290,"column":9},"skip":true},"66":{"start":{"line":289,"column":12},"end":{"line":289,"column":18},"skip":true},"67":{"start":{"line":291,"column":8},"end":{"line":293,"column":54},"skip":true},"68":{"start":{"line":296,"column":8},"end":{"line":301,"column":37},"skip":true},"69":{"start":{"line":303,"column":8},"end":{"line":303,"column":82},"skip":true},"70":{"start":{"line":306,"column":8},"end":{"line":308,"column":9},"skip":true},"71":{"start":{"line":307,"column":12},"end":{"line":307,"column":82},"skip":true},"72":{"start":{"line":310,"column":8},"end":{"line":312,"column":9},"skip":true},"73":{"start":{"line":311,"column":12},"end":{"line":311,"column":18},"skip":true},"74":{"start":{"line":313,"column":8},"end":{"line":313,"column":54},"skip":true},"75":{"start":{"line":314,"column":8},"end":{"line":314,"column":69},"skip":true},"76":{"start":{"line":315,"column":8},"end":{"line":323,"column":36},"skip":true},"77":{"start":{"line":316,"column":12},"end":{"line":316,"column":61},"skip":true},"78":{"start":{"line":317,"column":12},"end":{"line":320,"column":13},"skip":true},"79":{"start":{"line":318,"column":16},"end":{"line":318,"column":75},"skip":true},"80":{"start":{"line":319,"column":16},"end":{"line":319,"column":23},"skip":true},"81":{"start":{"line":321,"column":12},"end":{"line":321,"column":38},"skip":true},"82":{"start":{"line":322,"column":12},"end":{"line":322,"column":27},"skip":true},"83":{"start":{"line":324,"column":8},"end":{"line":324,"column":14},"skip":true}},"branchMap":{"1":{"line":39,"type":"binary-expr","locations":[{"start":{"line":39,"column":23},"end":{"line":39,"column":62}},{"start":{"line":40,"column":20},"end":{"line":40,"column":70}},{"start":{"line":41,"column":20},"end":{"line":41,"column":71}},{"start":{"line":42,"column":20},"end":{"line":42,"column":29}}]},"2":{"line":44,"type":"binary-expr","locations":[{"start":{"line":44,"column":23},"end":{"line":44,"column":37}},{"start":{"line":45,"column":20},"end":{"line":45,"column":61}},{"start":{"line":46,"column":20},"end":{"line":46,"column":70}},{"start":{"line":47,"column":20},"end":{"line":47,"column":26}}]},"3":{"line":51,"type":"cond-expr","locations":[{"start":{"line":52,"column":14},"end":{"line":52,"column":20}},{"start":{"line":53,"column":14},"end":{"line":53,"column":20}}]},"4":{"line":55,"type":"binary-expr","locations":[{"start":{"line":55,"column":16},"end":{"line":55,"column":44}},{"start":{"line":55,"column":49},"end":{"line":57,"column":43}}]},"5":{"line":55,"type":"cond-expr","locations":[{"start":{"line":56,"column":14},"end":{"line":56,"column":51}},{"start":{"line":57,"column":14},"end":{"line":57,"column":43}}]},"6":{"line":61,"type":"switch","locations":[{"start":{"line":68,"column":4},"end":{"line":150,"column":14},"skip":true},{"start":{"line":156,"column":4},"end":{"line":324,"column":14},"skip":true}]},"7":{"line":70,"type":"if","locations":[{"start":{"line":70,"column":12},"end":{"line":70,"column":12},"skip":true},{"start":{"line":70,"column":12},"end":{"line":70,"column":12},"skip":true}]},"8":{"line":70,"type":"binary-expr","locations":[{"start":{"line":70,"column":16},"end":{"line":70,"column":22},"skip":true},{"start":{"line":70,"column":27},"end":{"line":70,"column":32},"skip":true},{"start":{"line":71,"column":20},"end":{"line":71,"column":39},"skip":true},{"start":{"line":72,"column":20},"end":{"line":72,"column":49},"skip":true},{"start":{"line":73,"column":20},"end":{"line":73,"column":58},"skip":true},{"start":{"line":74,"column":20},"end":{"line":74,"column":69},"skip":true}]},"9":{"line":79,"type":"switch","locations":[{"start":{"line":80,"column":20},"end":{"line":80,"column":33},"skip":true},{"start":{"line":81,"column":20},"end":{"line":83,"column":30},"skip":true},{"start":{"line":84,"column":20},"end":{"line":85,"column":49},"skip":true}]},"10":{"line":89,"type":"switch","locations":[{"start":{"line":90,"column":12},"end":{"line":103,"column":22},"skip":true},{"start":{"line":105,"column":12},"end":{"line":106,"column":22},"skip":true}]},"11":{"line":89,"type":"binary-expr","locations":[{"start":{"line":89,"column":20},"end":{"line":89,"column":25},"skip":true},{"start":{"line":89,"column":29},"end":{"line":89,"column":48},"skip":true},{"start":{"line":89,"column":52},"end":{"line":89,"column":74},"skip":true}]},"12":{"line":92,"type":"if","locations":[{"start":{"line":92,"column":16},"end":{"line":92,"column":16},"skip":true},{"start":{"line":92,"column":16},"end":{"line":92,"column":16},"skip":true}]},"13":{"line":108,"type":"if","locations":[{"start":{"line":108,"column":12},"end":{"line":108,"column":12},"skip":true},{"start":{"line":108,"column":12},"end":{"line":108,"column":12},"skip":true}]},"14":{"line":108,"type":"binary-expr","locations":[{"start":{"line":108,"column":16},"end":{"line":108,"column":61},"skip":true},{"start":{"line":108,"column":66},"end":{"line":108,"column":72},"skip":true},{"start":{"line":108,"column":77},"end":{"line":108,"column":82},"skip":true},{"start":{"line":109,"column":20},"end":{"line":109,"column":39},"skip":true},{"start":{"line":110,"column":20},"end":{"line":110,"column":49},"skip":true},{"start":{"line":111,"column":20},"end":{"line":111,"column":58},"skip":true},{"start":{"line":112,"column":20},"end":{"line":112,"column":68},"skip":true}]},"15":{"line":129,"type":"if","locations":[{"start":{"line":129,"column":16},"end":{"line":129,"column":16},"skip":true},{"start":{"line":129,"column":16},"end":{"line":129,"column":16},"skip":true}]},"16":{"line":134,"type":"cond-expr","locations":[{"start":{"line":135,"column":26},"end":{"line":135,"column":29},"skip":true},{"start":{"line":136,"column":26},"end":{"line":136,"column":54},"skip":true}]},"17":{"line":164,"type":"binary-expr","locations":[{"start":{"line":164,"column":27},"end":{"line":164,"column":43},"skip":true},{"start":{"line":164,"column":47},"end":{"line":164,"column":49},"skip":true}]},"18":{"line":258,"type":"if","locations":[{"start":{"line":258,"column":8},"end":{"line":258,"column":8},"skip":true},{"start":{"line":258,"column":8},"end":{"line":258,"column":8},"skip":true}]},"19":{"line":275,"type":"switch","locations":[{"start":{"line":276,"column":20},"end":{"line":277,"column":64},"skip":true},{"start":{"line":278,"column":20},"end":{"line":279,"column":40},"skip":true},{"start":{"line":280,"column":20},"end":{"line":281,"column":40},"skip":true},{"start":{"line":282,"column":20},"end":{"line":283,"column":39},"skip":true}]},"20":{"line":288,"type":"if","locations":[{"start":{"line":288,"column":8},"end":{"line":288,"column":8},"skip":true},{"start":{"line":288,"column":8},"end":{"line":288,"column":8},"skip":true}]},"21":{"line":288,"type":"binary-expr","locations":[{"start":{"line":288,"column":12},"end":{"line":288,"column":40},"skip":true},{"start":{"line":288,"column":44},"end":{"line":288,"column":67},"skip":true}]},"22":{"line":292,"type":"binary-expr","locations":[{"start":{"line":292,"column":12},"end":{"line":292,"column":50},"skip":true},{"start":{"line":293,"column":12},"end":{"line":293,"column":53},"skip":true}]},"23":{"line":297,"type":"binary-expr","locations":[{"start":{"line":297,"column":12},"end":{"line":297,"column":65},"skip":true},{"start":{"line":298,"column":12},"end":{"line":301,"column":36},"skip":true}]},"24":{"line":303,"type":"binary-expr","locations":[{"start":{"line":303,"column":43},"end":{"line":303,"column":75},"skip":true},{"start":{"line":303,"column":79},"end":{"line":303,"column":81},"skip":true}]},"25":{"line":306,"type":"if","locations":[{"start":{"line":306,"column":8},"end":{"line":306,"column":8},"skip":true},{"start":{"line":306,"column":8},"end":{"line":306,"column":8},"skip":true}]},"26":{"line":310,"type":"if","locations":[{"start":{"line":310,"column":8},"end":{"line":310,"column":8},"skip":true},{"start":{"line":310,"column":8},"end":{"line":310,"column":8},"skip":true}]},"27":{"line":313,"type":"binary-expr","locations":[{"start":{"line":313,"column":27},"end":{"line":313,"column":43},"skip":true},{"start":{"line":313,"column":47},"end":{"line":313,"column":53},"skip":true}]},"28":{"line":317,"type":"if","locations":[{"start":{"line":317,"column":12},"end":{"line":317,"column":12},"skip":true},{"start":{"line":317,"column":12},"end":{"line":317,"column":12},"skip":true}]}},"code":["/*","example.js","","quickstart example","","instruction","    1. save this script as example.js","    2. run the shell command:","        $ npm install npmtest-maildev && PORT=8081 node example.js","    3. play with the browser-demo on http://127.0.0.1:8081","*/","","","","/* istanbul instrument in package npmtest_maildev */","/*jslint","    bitwise: true,","    browser: true,","    maxerr: 8,","    maxlen: 96,","    node: true,","    nomen: true,","    regexp: true,","    stupid: true","*/","(function () {","    'use strict';","    var local;","","","","    // run shared js-env code - pre-init","    (function () {","        // init local","        local = {};","        // init modeJs","        local.modeJs = (function () {","            try {","                return typeof navigator.userAgent === 'string' &&","                    typeof document.querySelector('body') === 'object' &&","                    typeof XMLHttpRequest.prototype.open === 'function' &&","                    'browser';","            } catch (errorCaughtBrowser) {","                return module.exports &&","                    typeof process.versions.node === 'string' &&","                    typeof require('http').createServer === 'function' &&","                    'node';","            }","        }());","        // init global","        local.global = local.modeJs === 'browser'","            ? window","            : global;","        // init utility2_rollup","        local = local.global.utility2_rollup || (local.modeJs === 'browser'","            ? local.global.utility2_npmtest_maildev","            : global.utility2_moduleExports);","        // export local","        local.global.local = local;","    }());","    switch (local.modeJs) {","","","","    // post-init","    // run browser js-env code - post-init","    /* istanbul ignore next */","    case 'browser':","        local.testRunBrowser = function (event) {","            if (!event || (event &&","                    event.currentTarget &&","                    event.currentTarget.className &&","                    event.currentTarget.className.includes &&","                    event.currentTarget.className.includes('onreset'))) {","                // reset output","                Array.from(","                    document.querySelectorAll('body > .resettable')","                ).forEach(function (element) {","                    switch (element.tagName) {","                    case 'INPUT':","                    case 'TEXTAREA':","                        element.value = '';","                        break;","                    default:","                        element.textContent = '';","                    }","                });","            }","            switch (event && event.currentTarget && event.currentTarget.id) {","            case 'testRunButton1':","                // show tests","                if (document.querySelector('#testReportDiv1').style.display === 'none') {","                    document.querySelector('#testReportDiv1').style.display = 'block';","                    document.querySelector('#testRunButton1').textContent =","                        'hide internal test';","                    local.modeTest = true;","                    local.testRunDefault(local);","                // hide tests","                } else {","                    document.querySelector('#testReportDiv1').style.display = 'none';","                    document.querySelector('#testRunButton1').textContent = 'run internal test';","                }","                break;","            // custom-case","            default:","                break;","            }","            if (document.querySelector('#inputTextareaEval1') && (!event || (event &&","                    event.currentTarget &&","                    event.currentTarget.className &&","                    event.currentTarget.className.includes &&","                    event.currentTarget.className.includes('oneval')))) {","                // try to eval input-code","                try {","                    /*jslint evil: true*/","                    eval(document.querySelector('#inputTextareaEval1').value);","                } catch (errorCaught) {","                    console.error(errorCaught);","                }","            }","        };","        // log stderr and stdout to #outputTextareaStdout1","        ['error', 'log'].forEach(function (key) {","            console[key + '_original'] = console[key];","            console[key] = function () {","                var element;","                console[key + '_original'].apply(console, arguments);","                element = document.querySelector('#outputTextareaStdout1');","                if (!element) {","                    return;","                }","                // append text to #outputTextareaStdout1","                element.value += Array.from(arguments).map(function (arg) {","                    return typeof arg === 'string'","                        ? arg","                        : JSON.stringify(arg, null, 4);","                }).join(' ') + '\\n';","                // scroll textarea to bottom","                element.scrollTop = element.scrollHeight;","            };","        });","        // init event-handling","        ['change', 'click', 'keyup'].forEach(function (event) {","            Array.from(document.querySelectorAll('.on' + event)).forEach(function (element) {","                element.addEventListener(event, local.testRunBrowser);","            });","        });","        // run tests","        local.testRunBrowser();","        break;","","","","    // run node js-env code - post-init","    /* istanbul ignore next */","    case 'node':","        // export local","        module.exports = local;","        // require modules","        local.fs = require('fs');","        local.http = require('http');","        local.url = require('url');","        // init assets","        local.assetsDict = local.assetsDict || {};","        /* jslint-ignore-begin */","        local.assetsDict['/assets.index.template.html'] = '\\","<!doctype html>\\n\\","<html lang=\"en\">\\n\\","<head>\\n\\","<meta charset=\"UTF-8\">\\n\\","<meta name=\"viewport\" content=\"width=device-width, initial-scale=1\">\\n\\","<title>{{env.npm_package_name}} (v{{env.npm_package_version}})</title>\\n\\","<style>\\n\\","/*csslint\\n\\","    box-sizing: false,\\n\\","    universal-selector: false\\n\\","*/\\n\\","* {\\n\\","    box-sizing: border-box;\\n\\","}\\n\\","body {\\n\\","    background: #dde;\\n\\","    font-family: Arial, Helvetica, sans-serif;\\n\\","    margin: 2rem;\\n\\","}\\n\\","body > * {\\n\\","    margin-bottom: 1rem;\\n\\","}\\n\\",".utility2FooterDiv {\\n\\","    margin-top: 20px;\\n\\","    text-align: center;\\n\\","}\\n\\","</style>\\n\\","<style>\\n\\","/*csslint\\n\\","*/\\n\\","textarea {\\n\\","    font-family: monospace;\\n\\","    height: 10rem;\\n\\","    width: 100%;\\n\\","}\\n\\","textarea[readonly] {\\n\\","    background: #ddd;\\n\\","}\\n\\","</style>\\n\\","</head>\\n\\","<body>\\n\\","<!-- utility2-comment\\n\\","<div id=\"ajaxProgressDiv1\" style=\"background: #d00; height: 2px; left: 0; margin: 0; padding: 0; position: fixed; top: 0; transition: background 0.5s, width 1.5s; width: 25%;\"></div>\\n\\","utility2-comment -->\\n\\","<h1>\\n\\","<!-- utility2-comment\\n\\","    <a\\n\\","        {{#if env.npm_package_homepage}}\\n\\","        href=\"{{env.npm_package_homepage}}\"\\n\\","        {{/if env.npm_package_homepage}}\\n\\","        target=\"_blank\"\\n\\","    >\\n\\","utility2-comment -->\\n\\","        {{env.npm_package_name}} (v{{env.npm_package_version}})\\n\\","<!-- utility2-comment\\n\\","    </a>\\n\\","utility2-comment -->\\n\\","</h1>\\n\\","<h3>{{env.npm_package_description}}</h3>\\n\\","<!-- utility2-comment\\n\\","<h4><a download href=\"assets.app.js\">download standalone app</a></h4>\\n\\","<button class=\"onclick onreset\" id=\"testRunButton1\">run internal test</button><br>\\n\\","<div id=\"testReportDiv1\" style=\"display: none;\"></div>\\n\\","utility2-comment -->\\n\\","\\n\\","\\n\\","\\n\\","<label>stderr and stdout</label>\\n\\","<textarea class=\"resettable\" id=\"outputTextareaStdout1\" readonly></textarea>\\n\\","<!-- utility2-comment\\n\\","{{#if isRollup}}\\n\\","<script src=\"assets.app.js\"></script>\\n\\","{{#unless isRollup}}\\n\\","utility2-comment -->\\n\\","<script src=\"assets.utility2.rollup.js\"></script>\\n\\","<script src=\"jsonp.utility2._stateInit?callback=window.utility2._stateInit\"></script>\\n\\","<script src=\"assets.npmtest_maildev.rollup.js\"></script>\\n\\","<script src=\"assets.example.js\"></script>\\n\\","<script src=\"assets.test.js\"></script>\\n\\","<!-- utility2-comment\\n\\","{{/if isRollup}}\\n\\","utility2-comment -->\\n\\","<div class=\"utility2FooterDiv\">\\n\\","    [ this app was created with\\n\\","    <a href=\"https://github.com/kaizhu256/node-utility2\" target=\"_blank\">utility2</a>\\n\\","    ]\\n\\","</div>\\n\\","</body>\\n\\","</html>\\n\\","';","        /* jslint-ignore-end */","        if (local.templateRender) {","            local.assetsDict['/'] = local.templateRender(","                local.assetsDict['/assets.index.template.html'],","                {","                    env: local.objectSetDefault(local.env, {","                        npm_package_description: 'the greatest app in the world!',","                        npm_package_name: 'my-app',","                        npm_package_nameAlias: 'my_app',","                        npm_package_version: '0.0.1'","                    })","                }","            );","        } else {","            local.assetsDict['/'] = local.assetsDict['/assets.index.template.html']","                .replace((/\\{\\{env\\.(\\w+?)\\}\\}/g), function (match0, match1) {","                    // jslint-hack","                    String(match0);","                    switch (match1) {","                    case 'npm_package_description':","                        return 'the greatest app in the world!';","                    case 'npm_package_name':","                        return 'my-app';","                    case 'npm_package_nameAlias':","                        return 'my_app';","                    case 'npm_package_version':","                        return '0.0.1';","                    }","                });","        }","        // run the cli","        if (local.global.utility2_rollup || module !== require.main) {","            break;","        }","        local.assetsDict['/assets.example.js'] =","            local.assetsDict['/assets.example.js'] ||","            local.fs.readFileSync(__filename, 'utf8');","        // bug-workaround - long $npm_package_buildCustomOrg","        /* jslint-ignore-begin */","        local.assetsDict['/assets.npmtest_maildev.rollup.js'] =","            local.assetsDict['/assets.npmtest_maildev.rollup.js'] ||","            local.fs.readFileSync(","                local.npmtest_maildev.__dirname + '/lib.npmtest_maildev.js',","                'utf8'","            ).replace((/^#!/), '//');","        /* jslint-ignore-end */","        local.assetsDict['/favicon.ico'] = local.assetsDict['/favicon.ico'] || '';","        // if $npm_config_timeout_exit exists,","        // then exit this process after $npm_config_timeout_exit ms","        if (Number(process.env.npm_config_timeout_exit)) {","            setTimeout(process.exit, Number(process.env.npm_config_timeout_exit));","        }","        // start server","        if (local.global.utility2_serverHttp1) {","            break;","        }","        process.env.PORT = process.env.PORT || '8081';","        console.error('server starting on port ' + process.env.PORT);","        local.http.createServer(function (request, response) {","            request.urlParsed = local.url.parse(request.url);","            if (local.assetsDict[request.urlParsed.pathname] !== undefined) {","                response.end(local.assetsDict[request.urlParsed.pathname]);","                return;","            }","            response.statusCode = 404;","            response.end();","        }).listen(process.env.PORT);","        break;","    }","}());",""],"l":{"26":2,"28":2,"33":2,"35":2,"37":2,"38":2,"39":2,"44":1,"51":2,"55":2,"59":2,"61":2,"69":1,"70":2,"76":2,"79":2,"82":2,"83":2,"85":1,"89":2,"92":1,"93":1,"94":1,"96":1,"97":1,"100":1,"101":1,"103":1,"106":1,"108":2,"114":1,"116":1,"118":1,"123":1,"124":2,"125":2,"126":3,"127":3,"128":3,"129":3,"130":1,"133":3,"134":3,"139":3,"143":1,"144":3,"145":1,"149":1,"150":1,"158":1,"160":1,"161":1,"162":1,"164":1,"166":1,"258":1,"259":1,"271":1,"274":6,"275":6,"277":1,"279":2,"281":1,"283":2,"288":1,"289":1,"291":1,"296":1,"303":1,"306":1,"307":1,"310":1,"311":1,"313":1,"314":1,"315":1,"316":1,"317":1,"318":1,"319":1,"321":1,"322":1,"324":1}},"/home/travis/build/npmtest/node-npmtest-maildev/node_modules/maildev/index.js":{"path":"/home/travis/build/npmtest/node-npmtest-maildev/node_modules/maildev/index.js","s":{"1":1,"2":1,"3":1,"4":1,"5":1,"6":1,"7":1,"8":0,"9":0,"10":0,"11":0,"12":0,"13":0,"14":0,"15":0,"16":0,"17":0,"18":0,"19":0,"20":0,"21":0,"22":0,"23":0,"24":0,"25":0,"26":0,"27":0,"28":0,"29":0},"b":{"1":[0,0],"2":[0,0],"3":[0,0],"4":[0,0],"5":[0,0,0,0,0],"6":[0,0],"7":[0,0],"8":[0,0],"9":[0,0]},"f":{"1":0,"2":0,"3":0},"fnMap":{"1":{"name":"(anonymous_1)","line":17,"loc":{"start":{"line":17,"column":17},"end":{"line":17,"column":34}}},"2":{"name":"(anonymous_2)","line":84,"loc":{"start":{"line":84,"column":24},"end":{"line":84,"column":36}}},"3":{"name":"(anonymous_3)","line":88,"loc":{"start":{"line":88,"column":7},"end":{"line":88,"column":30}}}},"statementMap":{"1":{"start":{"line":9,"column":0},"end":{"line":9,"column":35}},"2":{"start":{"line":10,"column":0},"end":{"line":10,"column":29}},"3":{"start":{"line":11,"column":0},"end":{"line":11,"column":36}},"4":{"start":{"line":12,"column":0},"end":{"line":12,"column":31}},"5":{"start":{"line":13,"column":0},"end":{"line":13,"column":45}},"6":{"start":{"line":14,"column":0},"end":{"line":14,"column":37}},"7":{"start":{"line":17,"column":0},"end":{"line":95,"column":2}},"8":{"start":{"line":19,"column":2},"end":{"line":19,"column":28}},"9":{"start":{"line":21,"column":2},"end":{"line":45,"column":3}},"10":{"start":{"line":23,"column":4},"end":{"line":44,"column":27}},"11":{"start":{"line":47,"column":2},"end":{"line":51,"column":3}},"12":{"start":{"line":48,"column":4},"end":{"line":48,"column":23}},"13":{"start":{"line":49,"column":9},"end":{"line":51,"column":3}},"14":{"start":{"line":50,"column":4},"end":{"line":50,"column":23}},"15":{"start":{"line":54,"column":2},"end":{"line":54,"column":86}},"16":{"start":{"line":56,"column":2},"end":{"line":69,"column":3}},"17":{"start":{"line":62,"column":4},"end":{"line":68,"column":6}},"18":{"start":{"line":71,"column":2},"end":{"line":73,"column":3}},"19":{"start":{"line":72,"column":4},"end":{"line":72,"column":61}},"20":{"start":{"line":76,"column":2},"end":{"line":76,"column":54}},"21":{"start":{"line":77,"column":2},"end":{"line":77,"column":96}},"22":{"start":{"line":79,"column":2},"end":{"line":82,"column":3}},"23":{"start":{"line":80,"column":4},"end":{"line":80,"column":31}},"24":{"start":{"line":81,"column":4},"end":{"line":81,"column":93}},"25":{"start":{"line":84,"column":2},"end":{"line":92,"column":5}},"26":{"start":{"line":85,"column":4},"end":{"line":91,"column":7}},"27":{"start":{"line":89,"column":6},"end":{"line":89,"column":38}},"28":{"start":{"line":90,"column":6},"end":{"line":90,"column":22}},"29":{"start":{"line":94,"column":2},"end":{"line":94,"column":20}}},"branchMap":{"1":{"line":21,"type":"if","locations":[{"start":{"line":21,"column":2},"end":{"line":21,"column":2}},{"start":{"line":21,"column":2},"end":{"line":21,"column":2}}]},"2":{"line":47,"type":"if","locations":[{"start":{"line":47,"column":2},"end":{"line":47,"column":2}},{"start":{"line":47,"column":2},"end":{"line":47,"column":2}}]},"3":{"line":49,"type":"if","locations":[{"start":{"line":49,"column":9},"end":{"line":49,"column":9}},{"start":{"line":49,"column":9},"end":{"line":49,"column":9}}]},"4":{"line":56,"type":"if","locations":[{"start":{"line":56,"column":2},"end":{"line":56,"column":2}},{"start":{"line":56,"column":2},"end":{"line":56,"column":2}}]},"5":{"line":56,"type":"binary-expr","locations":[{"start":{"line":56,"column":6},"end":{"line":56,"column":25}},{"start":{"line":57,"column":6},"end":{"line":57,"column":25}},{"start":{"line":58,"column":6},"end":{"line":58,"column":25}},{"start":{"line":59,"column":6},"end":{"line":59,"column":25}},{"start":{"line":60,"column":6},"end":{"line":60,"column":27}}]},"6":{"line":71,"type":"if","locations":[{"start":{"line":71,"column":2},"end":{"line":71,"column":2}},{"start":{"line":71,"column":2},"end":{"line":71,"column":2}}]},"7":{"line":76,"type":"cond-expr","locations":[{"start":{"line":76,"column":29},"end":{"line":76,"column":41}},{"start":{"line":76,"column":44},"end":{"line":76,"column":53}}]},"8":{"line":79,"type":"if","locations":[{"start":{"line":79,"column":2},"end":{"line":79,"column":2}},{"start":{"line":79,"column":2},"end":{"line":79,"column":2}}]},"9":{"line":81,"type":"cond-expr","locations":[{"start":{"line":81,"column":48},"end":{"line":81,"column":59}},{"start":{"line":81,"column":62},"end":{"line":81,"column":71}}]}},"code":["","/**"," * MailDev - index.js"," *"," * Author: Dan Farrelly <daniel.j.farrelly@gmail.com>"," * Licensed under the MIT License."," */","","var program = require('commander');","var async = require('async');","var pkg = require('./package.json');","var web = require('./lib/web');","var mailserver = require('./lib/mailserver');","var logger = require('./lib/logger');","","","module.exports = function(config) {","","  var version = pkg.version;","","  if (!config) {","    // CLI","    config = program","      .version(version)","      .option('-s, --smtp <port>', 'SMTP port to catch emails [1025]', '1025')","      .option('-w, --web <port>', 'Port to run the Web GUI [1080]', '1080')","      .option('--ip <ip address>', 'IP Address to bind SMTP service to', '0.0.0.0')","      .option('--outgoing-host <host>', 'SMTP host for outgoing emails')","      .option('--outgoing-port <port>', 'SMTP port for outgoing emails')","      .option('--outgoing-user <user>', 'SMTP user for outgoing emails')","      .option('--outgoing-pass <password>', 'SMTP password for outgoing emails')","      .option('--outgoing-secure', 'Use SMTP SSL for outgoing emails')","      .option('--auto-relay', 'Use auto-relay mode')","      .option('--auto-relay-rules <file>', 'Filter rules for auto relay mode')","      .option('--incoming-user <user>', 'SMTP user for incoming emails')","      .option('--incoming-pass <pass>', 'SMTP password for incoming emails')","      .option('--web-ip <ip address>', 'IP Address to bind HTTP service to, defaults to --ip')","      .option('--web-user <user>', 'HTTP user for GUI')","      .option('--web-pass <password>', 'HTTP password for GUI')","      .option('--base-pathname <path>', 'base path for URLs')","      .option('-o, --open', 'Open the Web GUI after startup')","      .option('-v, --verbose')","      .option('--silent')","      .parse(process.argv);","  }","","  if (config.verbose) {","    logger.setLevel(2);","  } else if (config.silent) {","    logger.setLevel(0);","  }","","  // Start the Mailserver & Web GUI","  mailserver.create(config.smtp, config.ip, config.incomingUser, config.incomingPass);","","  if (config.outgoingHost ||","      config.outgoingPort ||","      config.outgoingUser ||","      config.outgoingPass ||","      config.outgoingSecure) {","","    mailserver.setupOutgoing(","      config.outgoingHost,","      parseInt(config.outgoingPort),","      config.outgoingUser,","      config.outgoingPass,","      config.outgoingSecure","    );","  }","","  if (config.autoRelay){","    mailserver.setAutoRelayMode(true, config.autoRelayRules);","  }","","  // Default to run on same IP as smtp","  var webIp = config.webIp ? config.webIp : config.ip;","  web.start(config.web, webIp, mailserver, config.webUser, config.webPass, config.basePathname);","","  if (config.open){","    var open = require('open');","    open('http://' + (config.ip === '0.0.0.0' ? 'localhost' : config.ip) + ':' + config.web);","  }","","  process.on('SIGTERM', function () {","    async.parallel([","      mailserver.end,","      web.close","    ], function(err, results) {","      logger.info('Shutting down...');","      process.exit(0);","    });","  });","","  return mailserver;","};",""],"l":{"9":1,"10":1,"11":1,"12":1,"13":1,"14":1,"17":1,"19":0,"21":0,"23":0,"47":0,"48":0,"49":0,"50":0,"54":0,"56":0,"62":0,"71":0,"72":0,"76":0,"77":0,"79":0,"80":0,"81":0,"84":0,"85":0,"89":0,"90":0,"94":0}},"/home/travis/build/npmtest/node-npmtest-maildev/node_modules/maildev/lib/web.js":{"path":"/home/travis/build/npmtest/node-npmtest-maildev/node_modules/maildev/lib/web.js","s":{"1":1,"2":1,"3":1,"4":1,"5":1,"6":1,"7":1,"8":1,"9":1,"10":0,"11":0,"12":1,"13":0,"14":0,"15":1,"16":0,"17":0,"18":0,"19":0,"20":0,"21":0,"22":1,"23":0,"24":0,"25":0,"26":0,"27":0,"28":0,"29":0,"30":0,"31":0,"32":0,"33":0,"34":0,"35":0,"36":1,"37":0},"b":{"1":[0,0],"2":[0,0],"3":[0,0],"4":[0,0],"5":[0,0]},"f":{"1":0,"2":0,"3":0,"4":0,"5":0,"6":0,"7":0,"8":0,"9":0},"fnMap":{"1":{"name":"emitNewMail","line":19,"loc":{"start":{"line":19,"column":0},"end":{"line":19,"column":29}}},"2":{"name":"(anonymous_2)","line":20,"loc":{"start":{"line":20,"column":9},"end":{"line":20,"column":25}}},"3":{"name":"emitDeleteMail","line":25,"loc":{"start":{"line":25,"column":0},"end":{"line":25,"column":32}}},"4":{"name":"(anonymous_4)","line":26,"loc":{"start":{"line":26,"column":9},"end":{"line":26,"column":25}}},"5":{"name":"webSocketConnection","line":31,"loc":{"start":{"line":31,"column":0},"end":{"line":31,"column":41}}},"6":{"name":"onConnection","line":33,"loc":{"start":{"line":33,"column":9},"end":{"line":33,"column":39}}},"7":{"name":"(anonymous_7)","line":39,"loc":{"start":{"line":39,"column":28},"end":{"line":39,"column":38}}},"8":{"name":"(anonymous_8)","line":51,"loc":{"start":{"line":51,"column":23},"end":{"line":51,"column":86}}},"9":{"name":"(anonymous_9)","line":79,"loc":{"start":{"line":79,"column":23},"end":{"line":79,"column":42}}}},"statementMap":{"1":{"start":{"line":6,"column":0},"end":{"line":6,"column":33}},"2":{"start":{"line":7,"column":0},"end":{"line":7,"column":20}},"3":{"start":{"line":8,"column":0},"end":{"line":8,"column":47}},"4":{"start":{"line":9,"column":0},"end":{"line":9,"column":32}},"5":{"start":{"line":10,"column":0},"end":{"line":10,"column":33}},"6":{"start":{"line":11,"column":0},"end":{"line":11,"column":29}},"7":{"start":{"line":12,"column":0},"end":{"line":12,"column":33}},"8":{"start":{"line":13,"column":0},"end":{"line":13,"column":27}},"9":{"start":{"line":19,"column":0},"end":{"line":23,"column":1}},"10":{"start":{"line":20,"column":2},"end":{"line":22,"column":4}},"11":{"start":{"line":21,"column":4},"end":{"line":21,"column":34}},"12":{"start":{"line":25,"column":0},"end":{"line":29,"column":1}},"13":{"start":{"line":26,"column":2},"end":{"line":28,"column":4}},"14":{"start":{"line":27,"column":4},"end":{"line":27,"column":37}},"15":{"start":{"line":31,"column":0},"end":{"line":45,"column":1}},"16":{"start":{"line":33,"column":2},"end":{"line":44,"column":4}},"17":{"start":{"line":36,"column":4},"end":{"line":36,"column":46}},"18":{"start":{"line":37,"column":4},"end":{"line":37,"column":52}},"19":{"start":{"line":39,"column":4},"end":{"line":42,"column":7}},"20":{"start":{"line":40,"column":6},"end":{"line":40,"column":60}},"21":{"start":{"line":41,"column":6},"end":{"line":41,"column":66}},"22":{"start":{"line":51,"column":0},"end":{"line":77,"column":2}},"23":{"start":{"line":53,"column":2},"end":{"line":55,"column":3}},"24":{"start":{"line":54,"column":4},"end":{"line":54,"column":34}},"25":{"start":{"line":57,"column":2},"end":{"line":61,"column":3}},"26":{"start":{"line":58,"column":4},"end":{"line":58,"column":41}},"27":{"start":{"line":60,"column":4},"end":{"line":60,"column":23}},"28":{"start":{"line":63,"column":2},"end":{"line":63,"column":72}},"29":{"start":{"line":65,"column":2},"end":{"line":65,"column":40}},"30":{"start":{"line":67,"column":2},"end":{"line":67,"column":20}},"31":{"start":{"line":68,"column":2},"end":{"line":68,"column":55}},"32":{"start":{"line":70,"column":2},"end":{"line":70,"column":22}},"33":{"start":{"line":71,"column":2},"end":{"line":71,"column":27}},"34":{"start":{"line":73,"column":2},"end":{"line":73,"column":28}},"35":{"start":{"line":75,"column":2},"end":{"line":75,"column":58}},"36":{"start":{"line":79,"column":0},"end":{"line":81,"column":2}},"37":{"start":{"line":80,"column":2},"end":{"line":80,"column":25}}},"branchMap":{"1":{"line":53,"type":"if","locations":[{"start":{"line":53,"column":2},"end":{"line":53,"column":2}},{"start":{"line":53,"column":2},"end":{"line":53,"column":2}}]},"2":{"line":53,"type":"binary-expr","locations":[{"start":{"line":53,"column":6},"end":{"line":53,"column":10}},{"start":{"line":53,"column":14},"end":{"line":53,"column":22}}]},"3":{"line":57,"type":"if","locations":[{"start":{"line":57,"column":2},"end":{"line":57,"column":2}},{"start":{"line":57,"column":2},"end":{"line":57,"column":2}}]},"4":{"line":70,"type":"binary-expr","locations":[{"start":{"line":70,"column":9},"end":{"line":70,"column":13}},{"start":{"line":70,"column":17},"end":{"line":70,"column":21}}]},"5":{"line":71,"type":"binary-expr","locations":[{"start":{"line":71,"column":9},"end":{"line":71,"column":13}},{"start":{"line":71,"column":17},"end":{"line":71,"column":26}}]}},"code":["","/**"," * MailDev - web.js"," */","","var express = require('express');","var app = express();","var server = require('http').createServer(app);","var io = require('socket.io')();","var routes = require('./routes');","var auth = require('./auth');","var logger = require('./logger');","var path = require('path');","","/**"," * WebSockets"," */","","function emitNewMail(socket) {","  return function(email) {","    socket.emit('newMail', email);","  };","}","","function emitDeleteMail(socket) {","  return function(email) {","    socket.emit('deleteMail', email);","  };","}","","function webSocketConnection(mailserver) {","","  return function onConnection(socket) {","","    // When a new email arrives, the 'new' event will be emitted","    mailserver.on('new', emitNewMail(socket));","    mailserver.on('delete', emitDeleteMail(socket));","","    socket.on('disconnect', function(){","      mailserver.removeListener('new', emitNewMail(socket));","      mailserver.removeListener('delete', emitDeleteMail(socket));","    });","","  };","}","","/**"," * Start the web server"," */","","module.exports.start = function(port, host, mailserver, user, password, basePathname) {","","  if (user && password) {","    app.use(auth(user, password));","  }","","  if (basePathname) {","    io.path(basePathname + '/socket.io');","  } else {","    basePathname = '/';","  }","","  app.use(basePathname, express.static(path.join(__dirname, '../app')));","","  routes(app, mailserver, basePathname);","","  io.attach(server);","  io.on('connection', webSocketConnection(mailserver));","","  port = port || 1080;","  host = host || '0.0.0.0';","","  server.listen(port, host);","","  logger.info('MailDev app running at %s:%s', host, port);","","};","","module.exports.close = function(callback) {","  server.close(callback);","};",""],"l":{"6":1,"7":1,"8":1,"9":1,"10":1,"11":1,"12":1,"13":1,"19":1,"20":0,"21":0,"25":1,"26":0,"27":0,"31":1,"33":0,"36":0,"37":0,"39":0,"40":0,"41":0,"51":1,"53":0,"54":0,"57":0,"58":0,"60":0,"63":0,"65":0,"67":0,"68":0,"70":0,"71":0,"73":0,"75":0,"79":1,"80":0}},"/home/travis/build/npmtest/node-npmtest-maildev/node_modules/maildev/lib/routes.js":{"path":"/home/travis/build/npmtest/node-npmtest-maildev/node_modules/maildev/lib/routes.js","s":{"1":1,"2":1,"3":1,"4":1,"5":0,"6":0,"7":0,"8":0,"9":0,"10":0,"11":0,"12":0,"13":0,"14":0,"15":0,"16":0,"17":0,"18":0,"19":0,"20":0,"21":0,"22":0,"23":0,"24":0,"25":0,"26":0,"27":0,"28":0,"29":0,"30":0,"31":0,"32":0,"33":0,"34":0,"35":0,"36":0,"37":0,"38":0,"39":0,"40":0,"41":0,"42":0,"43":0,"44":0,"45":0,"46":0,"47":0,"48":0,"49":0,"50":0,"51":0,"52":0,"53":0,"54":0,"55":0,"56":0,"57":0,"58":0,"59":0,"60":0,"61":0,"62":0,"63":0,"64":0,"65":0,"66":0},"b":{"1":[0,0],"2":[0,0],"3":[0,0],"4":[0,0],"5":[0,0],"6":[0,0],"7":[0,0],"8":[0,0],"9":[0,0],"10":[0,0],"11":[0,0],"12":[0,0],"13":[0,0]},"f":{"1":0,"2":0,"3":0,"4":0,"5":0,"6":0,"7":0,"8":0,"9":0,"10":0,"11":0,"12":0,"13":0,"14":0,"15":0,"16":0,"17":0,"18":0,"19":0,"20":0,"21":0},"fnMap":{"1":{"name":"(anonymous_1)","line":10,"loc":{"start":{"line":10,"column":17},"end":{"line":10,"column":57}}},"2":{"name":"(anonymous_2)","line":14,"loc":{"start":{"line":14,"column":23},"end":{"line":14,"column":41}}},"3":{"name":"(anonymous_3)","line":16,"loc":{"start":{"line":16,"column":27},"end":{"line":16,"column":51}}},"4":{"name":"(anonymous_4)","line":25,"loc":{"start":{"line":25,"column":27},"end":{"line":25,"column":45}}},"5":{"name":"(anonymous_5)","line":27,"loc":{"start":{"line":27,"column":40},"end":{"line":27,"column":60}}},"6":{"name":"(anonymous_6)","line":39,"loc":{"start":{"line":39,"column":30},"end":{"line":39,"column":48}}},"7":{"name":"(anonymous_7)","line":41,"loc":{"start":{"line":41,"column":30},"end":{"line":41,"column":43}}},"8":{"name":"(anonymous_8)","line":50,"loc":{"start":{"line":50,"column":30},"end":{"line":50,"column":48}}},"9":{"name":"(anonymous_9)","line":52,"loc":{"start":{"line":52,"column":42},"end":{"line":52,"column":55}}},"10":{"name":"(anonymous_10)","line":61,"loc":{"start":{"line":61,"column":32},"end":{"line":61,"column":50}}},"11":{"name":"(anonymous_11)","line":66,"loc":{"start":{"line":66,"column":52},"end":{"line":66,"column":71}}},"12":{"name":"(anonymous_12)","line":75,"loc":{"start":{"line":75,"column":48},"end":{"line":75,"column":66}}},"13":{"name":"(anonymous_13)","line":77,"loc":{"start":{"line":77,"column":70},"end":{"line":77,"column":108}}},"14":{"name":"(anonymous_14)","line":87,"loc":{"start":{"line":87,"column":36},"end":{"line":87,"column":54}}},"15":{"name":"(anonymous_15)","line":89,"loc":{"start":{"line":89,"column":42},"end":{"line":89,"column":90}}},"16":{"name":"(anonymous_16)","line":100,"loc":{"start":{"line":100,"column":34},"end":{"line":100,"column":52}}},"17":{"name":"(anonymous_17)","line":102,"loc":{"start":{"line":102,"column":43},"end":{"line":102,"column":68}}},"18":{"name":"(anonymous_18)","line":111,"loc":{"start":{"line":111,"column":24},"end":{"line":111,"column":42}}},"19":{"name":"(anonymous_19)","line":123,"loc":{"start":{"line":123,"column":44},"end":{"line":123,"column":62}}},"20":{"name":"(anonymous_20)","line":124,"loc":{"start":{"line":124,"column":39},"end":{"line":124,"column":59}}},"21":{"name":"(anonymous_21)","line":137,"loc":{"start":{"line":137,"column":34},"end":{"line":137,"column":48}}}},"statementMap":{"1":{"start":{"line":5,"column":0},"end":{"line":5,"column":33}},"2":{"start":{"line":6,"column":0},"end":{"line":6,"column":37}},"3":{"start":{"line":8,"column":0},"end":{"line":8,"column":171}},"4":{"start":{"line":10,"column":0},"end":{"line":147,"column":2}},"5":{"start":{"line":11,"column":2},"end":{"line":11,"column":32}},"6":{"start":{"line":14,"column":2},"end":{"line":22,"column":5}},"7":{"start":{"line":16,"column":4},"end":{"line":20,"column":7}},"8":{"start":{"line":17,"column":6},"end":{"line":17,"column":47}},"9":{"start":{"line":17,"column":15},"end":{"line":17,"column":47}},"10":{"start":{"line":19,"column":6},"end":{"line":19,"column":26}},"11":{"start":{"line":25,"column":2},"end":{"line":36,"column":5}},"12":{"start":{"line":27,"column":4},"end":{"line":34,"column":7}},"13":{"start":{"line":28,"column":6},"end":{"line":28,"column":67}},"14":{"start":{"line":28,"column":15},"end":{"line":28,"column":67}},"15":{"start":{"line":31,"column":6},"end":{"line":31,"column":24}},"16":{"start":{"line":33,"column":6},"end":{"line":33,"column":22}},"17":{"start":{"line":39,"column":2},"end":{"line":47,"column":5}},"18":{"start":{"line":41,"column":4},"end":{"line":45,"column":7}},"19":{"start":{"line":42,"column":6},"end":{"line":42,"column":67}},"20":{"start":{"line":42,"column":15},"end":{"line":42,"column":67}},"21":{"start":{"line":44,"column":6},"end":{"line":44,"column":21}},"22":{"start":{"line":50,"column":2},"end":{"line":58,"column":5}},"23":{"start":{"line":52,"column":4},"end":{"line":56,"column":7}},"24":{"start":{"line":53,"column":6},"end":{"line":53,"column":67}},"25":{"start":{"line":53,"column":15},"end":{"line":53,"column":67}},"26":{"start":{"line":55,"column":6},"end":{"line":55,"column":21}},"27":{"start":{"line":61,"column":2},"end":{"line":72,"column":5}},"28":{"start":{"line":64,"column":4},"end":{"line":64,"column":57}},"29":{"start":{"line":66,"column":4},"end":{"line":70,"column":7}},"30":{"start":{"line":67,"column":6},"end":{"line":67,"column":67}},"31":{"start":{"line":67,"column":15},"end":{"line":67,"column":67}},"32":{"start":{"line":69,"column":6},"end":{"line":69,"column":21}},"33":{"start":{"line":75,"column":2},"end":{"line":84,"column":5}},"34":{"start":{"line":77,"column":4},"end":{"line":82,"column":7}},"35":{"start":{"line":78,"column":6},"end":{"line":78,"column":61}},"36":{"start":{"line":78,"column":15},"end":{"line":78,"column":61}},"37":{"start":{"line":80,"column":6},"end":{"line":80,"column":35}},"38":{"start":{"line":81,"column":6},"end":{"line":81,"column":27}},"39":{"start":{"line":87,"column":2},"end":{"line":97,"column":5}},"40":{"start":{"line":89,"column":4},"end":{"line":95,"column":7}},"41":{"start":{"line":90,"column":6},"end":{"line":90,"column":61}},"42":{"start":{"line":90,"column":15},"end":{"line":90,"column":61}},"43":{"start":{"line":92,"column":6},"end":{"line":92,"column":79}},"44":{"start":{"line":93,"column":6},"end":{"line":93,"column":35}},"45":{"start":{"line":94,"column":6},"end":{"line":94,"column":27}},"46":{"start":{"line":100,"column":2},"end":{"line":108,"column":5}},"47":{"start":{"line":102,"column":4},"end":{"line":106,"column":7}},"48":{"start":{"line":104,"column":6},"end":{"line":104,"column":61}},"49":{"start":{"line":104,"column":15},"end":{"line":104,"column":61}},"50":{"start":{"line":105,"column":6},"end":{"line":105,"column":27}},"51":{"start":{"line":111,"column":2},"end":{"line":120,"column":5}},"52":{"start":{"line":113,"column":4},"end":{"line":118,"column":7}},"53":{"start":{"line":123,"column":2},"end":{"line":144,"column":5}},"54":{"start":{"line":124,"column":4},"end":{"line":143,"column":7}},"55":{"start":{"line":125,"column":6},"end":{"line":125,"column":67}},"56":{"start":{"line":125,"column":15},"end":{"line":125,"column":67}},"57":{"start":{"line":127,"column":6},"end":{"line":135,"column":7}},"58":{"start":{"line":128,"column":8},"end":{"line":134,"column":9}},"59":{"start":{"line":129,"column":10},"end":{"line":129,"column":53}},"60":{"start":{"line":130,"column":10},"end":{"line":130,"column":77}},"61":{"start":{"line":133,"column":10},"end":{"line":133,"column":108}},"62":{"start":{"line":137,"column":6},"end":{"line":141,"column":9}},"63":{"start":{"line":138,"column":8},"end":{"line":138,"column":69}},"64":{"start":{"line":138,"column":17},"end":{"line":138,"column":69}},"65":{"start":{"line":140,"column":8},"end":{"line":140,"column":23}},"66":{"start":{"line":146,"column":2},"end":{"line":146,"column":32}}},"branchMap":{"1":{"line":17,"type":"if","locations":[{"start":{"line":17,"column":6},"end":{"line":17,"column":6}},{"start":{"line":17,"column":6},"end":{"line":17,"column":6}}]},"2":{"line":28,"type":"if","locations":[{"start":{"line":28,"column":6},"end":{"line":28,"column":6}},{"start":{"line":28,"column":6},"end":{"line":28,"column":6}}]},"3":{"line":42,"type":"if","locations":[{"start":{"line":42,"column":6},"end":{"line":42,"column":6}},{"start":{"line":42,"column":6},"end":{"line":42,"column":6}}]},"4":{"line":53,"type":"if","locations":[{"start":{"line":53,"column":6},"end":{"line":53,"column":6}},{"start":{"line":53,"column":6},"end":{"line":53,"column":6}}]},"5":{"line":64,"type":"binary-expr","locations":[{"start":{"line":64,"column":38},"end":{"line":64,"column":49}},{"start":{"line":64,"column":53},"end":{"line":64,"column":55}}]},"6":{"line":67,"type":"if","locations":[{"start":{"line":67,"column":6},"end":{"line":67,"column":6}},{"start":{"line":67,"column":6},"end":{"line":67,"column":6}}]},"7":{"line":78,"type":"if","locations":[{"start":{"line":78,"column":6},"end":{"line":78,"column":6}},{"start":{"line":78,"column":6},"end":{"line":78,"column":6}}]},"8":{"line":90,"type":"if","locations":[{"start":{"line":90,"column":6},"end":{"line":90,"column":6}},{"start":{"line":90,"column":6},"end":{"line":90,"column":6}}]},"9":{"line":104,"type":"if","locations":[{"start":{"line":104,"column":6},"end":{"line":104,"column":6}},{"start":{"line":104,"column":6},"end":{"line":104,"column":6}}]},"10":{"line":125,"type":"if","locations":[{"start":{"line":125,"column":6},"end":{"line":125,"column":6}},{"start":{"line":125,"column":6},"end":{"line":125,"column":6}}]},"11":{"line":127,"type":"if","locations":[{"start":{"line":127,"column":6},"end":{"line":127,"column":6}},{"start":{"line":127,"column":6},"end":{"line":127,"column":6}}]},"12":{"line":128,"type":"if","locations":[{"start":{"line":128,"column":8},"end":{"line":128,"column":8}},{"start":{"line":128,"column":8},"end":{"line":128,"column":8}}]},"13":{"line":138,"type":"if","locations":[{"start":{"line":138,"column":8},"end":{"line":138,"column":8}},{"start":{"line":138,"column":8},"end":{"line":138,"column":8}}]}},"code":["","/**"," * MailDev - routes.js"," */","var express = require('express');","var pkg = require('../package.json');","","var emailRegexp = /^(([^<>()\\[\\]\\\\.,;:\\s@\"]+(\\.[^<>()\\[\\]\\\\.,;:\\s@\"]+)*)|(\".+\"))@((\\[[0-9]{1,3}\\.[0-9]{1,3}\\.[0-9]{1,3}\\.[0-9]{1,3}])|(([a-zA-Z\\-0-9]+\\.)+[a-zA-Z]{2,}))$/;","","module.exports = function(app, mailserver, basePathname) {","  var router = express.Router();","","  // Get all emails","  router.get('/email', function(req, res){","","    mailserver.getAllEmail(function(err, emailList){","      if (err) return res.status(404).json([]);","","      res.json(emailList);","    });","","  });","","  // Get single email","  router.get('/email/:id', function(req, res){","","    mailserver.getEmail( req.params.id, function(err, email){","      if (err) return res.status(404).json({ error: err.message });","","       // Mark the email as 'read'","      email.read = true;","","      res.json(email);","    });","","  });","","  // Delete all emails","  router.delete('/email/all', function(req, res){","","    mailserver.deleteAllEmail(function(err){","      if (err) return res.status(500).json({ error: err.message });","","      res.json(true);","    });","","  });","","  // Delete email by id","  router.delete('/email/:id', function(req, res){","","    mailserver.deleteEmail(req.params.id, function(err){","      if (err) return res.status(500).json({ error: err.message });","","      res.json(true);","    });","","  });","","  // Get Email HTML","  router.get('/email/:id/html', function(req, res){","","    // Use the headers over hostname to include any port","    var baseUrl = req.headers.host + (req.baseUrl || '');","","    mailserver.getEmailHTML(req.params.id, baseUrl, function(err, html){","      if (err) return res.status(404).json({ error: err.message });","","      res.send(html);","    });","","  });","","  // Serve Attachments","  router.get('/email/:id/attachment/:filename', function(req, res){","","    mailserver.getEmailAttachment(req.params.id, req.params.filename, function(err, contentType, readStream){","      if (err) return res.status(404).json('File not found');","","      res.contentType(contentType);","      readStream.pipe(res);","    });","","  });","","  // Serve email.eml","  router.get('/email/:id/download', function(req, res){","","    mailserver.getEmailEml(req.params.id, function(err, contentType, filename, readStream){","      if (err) return res.status(404).json('File not found');","","      res.setHeader('Content-disposition', 'attachment; filename=' + filename);","      res.contentType(contentType);","      readStream.pipe(res);","    });","","  });","","  // Get email source from .eml file","  router.get('/email/:id/source', function(req, res){","","    mailserver.getRawEmail( req.params.id, function(err, readStream){","","      if (err) return res.status(404).json('File not found');","      readStream.pipe(res);","    });","","  });","","  // Get any config settings for display","  router.get('/config', function(req, res){","","    res.json({","      version:  pkg.version,","      smtpPort: mailserver.port,","      isOutgoingEnabled: mailserver.isOutgoingEnabled(),","      outgoingHost: mailserver.getOutgoingHost()","    });","","  });","","  // Relay the email","  router.post('/email/:id/relay/:relayTo?', function(req, res){","    mailserver.getEmail(req.params.id, function(err, email){","      if (err) return res.status(404).json({ error: err.message });","","      if (req.params.relayTo) {","        if (emailRegexp.test(req.params.relayTo)) {","          email.to = [{address: req.params.relayTo}];","          email.envelope.to = [ { address: req.params.relayTo, args: false }]","        }","        else {","          return res.status(400).json({ error: 'Incorrect email address provided :' + req.params.relayTo });","        }","      }","","      mailserver.relayMail(email, function(err) {","        if (err) return res.status(500).json({ error: err.message });","","        res.json(true);","      });","","    });","  });","","  app.use(basePathname, router);","};",""],"l":{"5":1,"6":1,"8":1,"10":1,"11":0,"14":0,"16":0,"17":0,"19":0,"25":0,"27":0,"28":0,"31":0,"33":0,"39":0,"41":0,"42":0,"44":0,"50":0,"52":0,"53":0,"55":0,"61":0,"64":0,"66":0,"67":0,"69":0,"75":0,"77":0,"78":0,"80":0,"81":0,"87":0,"89":0,"90":0,"92":0,"93":0,"94":0,"100":0,"102":0,"104":0,"105":0,"111":0,"113":0,"123":0,"124":0,"125":0,"127":0,"128":0,"129":0,"130":0,"133":0,"137":0,"138":0,"140":0,"146":0}},"/home/travis/build/npmtest/node-npmtest-maildev/node_modules/maildev/lib/auth.js":{"path":"/home/travis/build/npmtest/node-npmtest-maildev/node_modules/maildev/lib/auth.js","s":{"1":1,"2":0,"3":0,"4":0,"5":0,"6":0,"7":0,"8":0,"9":0,"10":0},"b":{"1":[0,0],"2":[0,0],"3":[0,0,0]},"f":{"1":0,"2":0},"fnMap":{"1":{"name":"(anonymous_1)","line":6,"loc":{"start":{"line":6,"column":17},"end":{"line":6,"column":42}}},"2":{"name":"(anonymous_2)","line":8,"loc":{
[...]
column":5}},"79":{"start":{"line":185,"column":6},"end":{"line":185,"column":55}},"80":{"start":{"line":186,"column":6},"end":{"line":186,"column":23}},"81":{"start":{"line":189,"column":4},"end":{"line":193,"column":5}},"82":{"start":{"line":190,"column":6},"end":{"line":190,"column":58}},"83":{"start":{"line":192,"column":6},"end":{"line":192,"column":28}},"84":{"start":{"line":196,"column":2},"end":{"line":196,"column":38}},"85":{"start":{"line":199,"column":0},"end":{"line":207,"column":1}},"86":{"start":{"line":201,"column":2},"end":{"line":204,"column":4}},"87":{"start":{"line":202,"column":4},"end":{"line":202,"column":48}},"88":{"start":{"line":203,"column":4},"end":{"line":203,"column":26}},"89":{"start":{"line":206,"column":2},"end":{"line":206,"column":81}},"90":{"start":{"line":209,"column":0},"end":{"line":213,"column":1}},"91":{"start":{"line":210,"column":2},"end":{"line":212,"column":5}},"92":{"start":{"line":211,"column":4},"end":{"line":211,"column":41}},"93":{"start":{"line":215,"column":0},"end":{"line":230,"column":1}},"94":{"start":{"line":217,"column":2},"end":{"line":219,"column":3}},"95":{"start":{"line":218,"column":4},"end":{"line":218,"column":16}},"96":{"start":{"line":221,"column":2},"end":{"line":229,"column":12}},"97":{"start":{"line":222,"column":5},"end":{"line":222,"column":49}},"98":{"start":{"line":223,"column":5},"end":{"line":223,"column":52}},"99":{"start":{"line":226,"column":5},"end":{"line":228,"column":19}}},"branchMap":{"1":{"line":31,"type":"binary-expr","locations":[{"start":{"line":31,"column":9},"end":{"line":31,"column":13}},{"start":{"line":31,"column":18},"end":{"line":31,"column":35}}]},"2":{"line":31,"type":"cond-expr","locations":[{"start":{"line":31,"column":27},"end":{"line":31,"column":30}},{"start":{"line":31,"column":33},"end":{"line":31,"column":35}}]},"3":{"line":32,"type":"binary-expr","locations":[{"start":{"line":32,"column":9},"end":{"line":32,"column":13}},{"start":{"line":32,"column":17},"end":{"line":32,"column":28}}]},"4":{"line":33,"type":"binary-expr","locations":[{"start":{"line":33,"column":11},"end":{"line":33,"column":17}},{"start":{"line":33,"column":21},"end":{"line":33,"column":26}}]},"5":{"line":54,"type":"cond-expr","locations":[{"start":{"line":55,"column":12},"end":{"line":55,"column":52}},{"start":{"line":56,"column":12},"end":{"line":56,"column":17}}]},"6":{"line":54,"type":"binary-expr","locations":[{"start":{"line":54,"column":13},"end":{"line":54,"column":24}},{"start":{"line":54,"column":28},"end":{"line":54,"column":39}}]},"7":{"line":66,"type":"cond-expr","locations":[{"start":{"line":66,"column":20},"end":{"line":66,"column":26}},{"start":{"line":66,"column":29},"end":{"line":66,"column":40}}]},"8":{"line":67,"type":"cond-expr","locations":[{"start":{"line":67,"column":22},"end":{"line":67,"column":27}},{"start":{"line":67,"column":30},"end":{"line":67,"column":34}}]},"9":{"line":75,"type":"if","locations":[{"start":{"line":75,"column":2},"end":{"line":75,"column":2}},{"start":{"line":75,"column":2},"end":{"line":75,"column":2}}]},"10":{"line":93,"type":"if","locations":[{"start":{"line":93,"column":2},"end":{"line":93,"column":2}},{"start":{"line":93,"column":2},"end":{"line":93,"column":2}}]},"11":{"line":99,"type":"if","locations":[{"start":{"line":99,"column":2},"end":{"line":99,"column":2}},{"start":{"line":99,"column":2},"end":{"line":99,"column":2}}]},"12":{"line":101,"type":"if","locations":[{"start":{"line":101,"column":4},"end":{"line":101,"column":4}},{"start":{"line":101,"column":4},"end":{"line":101,"column":4}}]},"13":{"line":110,"type":"if","locations":[{"start":{"line":110,"column":4},"end":{"line":110,"column":4}},{"start":{"line":110,"column":4},"end":{"line":110,"column":4}}]},"14":{"line":117,"type":"if","locations":[{"start":{"line":117,"column":2},"end":{"line":117,"column":2}},{"start":{"line":117,"column":2},"end":{"line":117,"column":2}}]},"15":{"line":138,"type":"if","locations":[{"start":{"line":138,"column":2},"end":{"line":138,"column":2}},{"start":{"line":138,"column":2},"end":{"line":138,"column":2}}]},"16":{"line":143,"type":"cond-expr","locations":[{"start":{"line":143,"column":55},"end":{"line":143,"column":73}},{"start":{"line":143,"column":76},"end":{"line":143,"column":86}}]},"17":{"line":147,"type":"if","locations":[{"start":{"line":147,"column":4},"end":{"line":147,"column":4}},{"start":{"line":147,"column":4},"end":{"line":147,"column":4}}]},"18":{"line":155,"type":"if","locations":[{"start":{"line":155,"column":4},"end":{"line":155,"column":4}},{"start":{"line":155,"column":4},"end":{"line":155,"column":4}}]},"19":{"line":155,"type":"binary-expr","locations":[{"start":{"line":155,"column":8},"end":{"line":155,"column":19}},{"start":{"line":155,"column":23},"end":{"line":155,"column":44}}]},"20":{"line":160,"type":"if","locations":[{"start":{"line":160,"column":4},"end":{"line":160,"column":4}},{"start":{"line":160,"column":4},"end":{"line":160,"column":4}}]},"21":{"line":172,"type":"if","locations":[{"start":{"line":172,"column":6},"end":{"line":172,"column":6}},{"start":{"line":172,"column":6},"end":{"line":172,"column":6}}]},"22":{"line":184,"type":"if","locations":[{"start":{"line":184,"column":4},"end":{"line":184,"column":4}},{"start":{"line":184,"column":4},"end":{"line":184,"column":4}}]},"23":{"line":189,"type":"if","locations":[{"start":{"line":189,"column":4},"end":{"line":189,"column":4}},{"start":{"line":189,"column":4},"end":{"line":189,"column":4}}]},"24":{"line":202,"type":"binary-expr","locations":[{"start":{"line":202,"column":4},"end":{"line":202,"column":17}},{"start":{"line":202,"column":21},"end":{"line":202,"column":47}}]},"25":{"line":217,"type":"if","locations":[{"start":{"line":217,"column":2},"end":{"line":217,"column":2}},{"start":{"line":217,"column":2},"end":{"line":217,"column":2}}]},"26":{"line":222,"type":"binary-expr","locations":[{"start":{"line":222,"column":19},"end":{"line":222,"column":29}},{"start":{"line":222,"column":33},"end":{"line":222,"column":42}},{"start":{"line":222,"column":46},"end":{"line":222,"column":48}}]},"27":{"line":226,"type":"cond-expr","locations":[{"start":{"line":227,"column":13},"end":{"line":227,"column":38}},{"start":{"line":228,"column":12},"end":{"line":228,"column":18}}]},"28":{"line":227,"type":"cond-expr","locations":[{"start":{"line":227,"column":26},"end":{"line":227,"column":30}},{"start":{"line":227,"column":33},"end":{"line":227,"column":38}}]}},"code":["","/**"," * MailDev - outgoing.js"," */","","var SMTPConnection = require('smtp-connection');","var wildstring = require('wildstring');","var async = require('async');","var fs = require('fs');","var logger = require('./logger');","","wildstring.caseSensitive = false;","","var config = {","  autoRelay: false","};","","// The SMTP connection client","var client;","var emailQueue;","","/**"," * Outgoing exports"," */","","var outgoing = module.exports = {};","","outgoing.setup = function(host, port, user, pass, secure) {","","  //defaults","  port = port || (secure ? 465 : 25);","  host = host || 'localhost';","  secure = secure || false;","","  config.host = host;","  config.port = port;","  config.user = user;","  config.pass = pass;","  config.secure = secure;","","  this._createClient();","","  // Create a queue to sent out the emails","  // We use a queue so we don't run into concurrency issues","  emailQueue = async.queue(relayWorker, 1);","};","","outgoing._createClient = function() {","  try {","    client = new SMTPConnection({","      port: config.port,","      host: config.host,","      secure: config.secure,","      auth: (config.pass && config.user) ?","            { user: config.user, pass: config.pass } :","            false,","      tls: { rejectUnauthorized: false },","      debug: true","    });","","    logger.info(","      'MailDev outgoing SMTP Server %s:%d (user:%s, pass:%s, secure:%s)',","      config.host,","      config.port,","      config.user,","      config.pass ? '####' : config.pass,","      config.secure ? 'yes' : 'no'","    );","  } catch (err){","    logger.error('Error during configuration of SMTP Server for outgoing email', err);","  }","};","","outgoing.close = function() {","  if (this.isEnabled())","    client.close();","};","","outgoing.isEnabled = function() {","  return !!client;","};","","outgoing.getOutgoingHost = function() {","  return config.host;","};","","outgoing.isAutoRelayEnabled = function() {","  return config.autoRelay;","};","","outgoing.setAutoRelayMode = function(enabled, rules) {","","  if (!client){","    config.autoRelay = false;","    logger.info('Outgoing mail not configured - Auto relay mode ignored');","    return;","  }","","  if (rules) {","","    if (typeof rules === 'string') {","      try {","        rules = JSON.parse(fs.readFileSync(rules, 'utf8'));","      } catch (err) {","        logger.error('Error reading config file at ' + rules);","        throw err;","      }","    }","","    if (Array.isArray(rules)) {","      config.autoRelayRules = rules;","    }","  }","","  config.autoRelay = enabled;","","  if (config.autoRelay) {","    logger.info(","      'Auto-Relay mode on, relay rules: %s',","      JSON.stringify(config.autoRelayRules)","    );","  }","};","","","outgoing.relayMail = function(emailObject, emailStream, isAutoRelay, callback) {","  emailQueue.push({","    emailObject: emailObject,","    emailStream: emailStream,","    isAutoRelay: isAutoRelay,","    callback: callback","  });","};","","","function relayMail(emailObject, emailStream, isAutoRelay, done) {","","  if (!client)","    return done(new Error('Outgoing mail not configured'));","","  // Fallback to the object if the address key isn't defined","  var getAddress = function(addressObj) {","    return typeof addressObj.address !== 'undefined' ? addressObj.address : addressObj;","  };","","  var mailSendCallback = function(err) {","    if (err) {","      logger.error('Outgoing client login error: ', err);","      return done(err);","    }","","    var recipients = emailObject.envelope.to.map(getAddress);","    var sender = getAddress(emailObject.envelope.from);","","    if (isAutoRelay && config.autoRelayRules) {","      recipients = getAutoRelayableRecipients(recipients);","    }","","    // Fail silently with auth relay mode on","    if (recipients.length === 0) {","      return done('Email had no recipients');","    }","","    client.send({","      from: sender,","      to: recipients","    }, emailStream, function (err) {","","      client.quit();","      outgoing._createClient();","","      if (err) {","        logger.error('Mail Delivery Error: ', err);","        return done(err);","      }","","      logger.log('Mail Delivered: ', emailObject.subject);","","      return done();","    });","  };","","  var mailConnectCallback = function(err) {","    if (err) {","      logger.error('Outgoing connection error: ', err);","      return done(err);","    }","","    if (client.options.auth) {","      client.login(client.options.auth, mailSendCallback);","    } else {","      mailSendCallback(err);","    }","  };","","  client.connect(mailConnectCallback);","}","","function relayWorker(task, callback) {","","  var relayCallback = function(err, result){","    task.callback && task.callback(err, result);","    callback(err, result);","  };","","  relayMail(task.emailObject, task.emailStream, task.isAutoRelay, relayCallback);","}","","function getAutoRelayableRecipients(recipients) {","  return recipients.filter(function(email) {","    return validateAutoRelayRules(email);","  });","}","","function validateAutoRelayRules(email) {","","  if (!config.autoRelayRules) {","    return true;","  }","","  return config.autoRelayRules.reduce(function(result, rule) {","     var toMatch = rule.allow || rule.deny || '';","     var isMatch = wildstring.match(toMatch, email);","","     // Override previous rule if it matches","     return isMatch ?","            (rule.allow ? true : false) :","            result;","   }, true);","}",""],"l":{"6":1,"7":1,"8":1,"9":1,"10":1,"12":1,"14":1,"19":1,"20":1,"26":1,"28":1,"31":0,"32":0,"33":0,"35":0,"36":0,"37":0,"38":0,"39":0,"41":0,"45":0,"48":1,"49":0,"50":0,"61":0,"70":0,"74":1,"75":0,"76":0,"79":1,"80":0,"83":1,"84":0,"87":1,"88":0,"91":1,"93":0,"94":0,"95":0,"96":0,"99":0,"101":0,"102":0,"103":0,"105":0,"106":0,"110":0,"111":0,"115":0,"117":0,"118":0,"126":1,"127":0,"136":1,"138":0,"139":0,"142":0,"143":0,"146":0,"147":0,"148":0,"149":0,"152":0,"153":0,"155":0,"156":0,"160":0,"161":0,"164":0,"169":0,"170":0,"172":0,"173":0,"174":0,"177":0,"179":0,"183":0,"184":0,"185":0,"186":0,"189":0,"190":0,"192":0,"196":0,"199":1,"201":0,"202":0,"203":0,"206":0,"209":1,"210":0,"211":0,"215":1,"217":0,"218":0,"221":0,"222":0,"223":0,"226":0}},"/home/travis/build/npmtest/node-npmtest-maildev/node_modules/maildev/app/scripts/app.js":{"path":"/home/travis/build/npmtest/node-npmtest-maildev/node_modules/maildev/app/scripts/app.js","s":{"1":2,"2":0,"3":0,"4":0,"5":0,"6":0,"7":0,"8":0,"9":0,"10":0,"11":0,"12":0,"13":0,"14":0,"15":0,"16":0,"17":0,"18":0,"19":0,"20":0,"21":1,"22":0,"23":0,"24":0,"25":0,"26":0,"27":0,"28":0,"29":0,"30":0},"b":{"1":[0,0,0],"2":[0,0]},"f":{"1":0,"2":0,"3":0,"4":0,"5":0,"6":0,"7":0,"8":0,"9":0,"10":0,"11":0},"fnMap":{"1":{"name":"(anonymous_1)","line":9,"loc":{"start":{"line":9,"column":30},"end":{"line":9,"column":54}}},"2":{"name":"(anonymous_2)","line":18,"loc":{"start":{"line":18,"column":23},"end":{"line":18,"column":43}}},"3":{"name":"(anonymous_3)","line":25,"loc":{"start":{"line":25,"column":23},"end":{"line":25,"column":38}}},"4":{"name":"(anonymous_4)","line":29,"loc":{"start":{"line":29,"column":26},"end":{"line":29,"column":41}}},"5":{"name":"(anonymous_5)","line":33,"loc":{"start":{"line":33,"column":28},"end":{"line":33,"column":39}}},"6":{"name":"(anonymous_6)","line":43,"loc":{"start":{"line":43,"column":23},"end":{"line":43,"column":34}}},"7":{"name":"(anonymous_7)","line":45,"loc":{"start":{"line":45,"column":9},"end":{"line":45,"column":24}}},"8":{"name":"(anonymous_8)","line":55,"loc":{"start":{"line":55,"column":1},"end":{"line":55,"column":11}}},"9":{"name":"adjustEmailListHeight","line":63,"loc":{"start":{"line":63,"column":2},"end":{"line":63,"column":34}}},"10":{"name":"(anonymous_10)","line":70,"loc":{"start":{"line":70,"column":20},"end":{"line":70,"column":30}}},"11":{"name":"(anonymous_11)","line":74,"loc":{"start":{"line":74,"column":38},"end":{"line":74,"column":48}}}},"statementMap":{"1":{"start":{"line":7,"column":0},"end":{"line":7,"column":94}},"2":{"start":{"line":9,"column":0},"end":{"line":16,"column":4}},"3":{"start":{"line":11,"column":2},"end":{"line":14,"column":36}},"4":{"start":{"line":18,"column":0},"end":{"line":37,"column":4}},"5":{"start":{"line":21,"column":2},"end":{"line":23,"column":5}},"6":{"start":{"line":25,"column":2},"end":{"line":27,"column":5}},"7":{"start":{"line":26,"column":4},"end":{"line":26,"column":38}},"8":{"start":{"line":29,"column":2},"end":{"line":31,"column":5}},"9":{"start":{"line":30,"column":4},"end":{"line":30,"column":41}},"10":{"start":{"line":33,"column":2},"end":{"line":35,"column":5}},"11":{"start":{"line":34,"column":4},"end":{"line":34,"column":41}},"12":{"start":{"line":43,"column":0},"end":{"line":49,"column":3}},"13":{"start":{"line":45,"column":2},"end":{"line":47,"column":4}},"14":{"start":{"line":46,"column":4},"end":{"line":46,"column":53}},"15":{"start":{"line":55,"column":0},"end":{"line":80,"column":5}},"16":{"start":{"line":57,"column":2},"end":{"line":57,"column":63}},"17":{"start":{"line":58,"column":2},"end":{"line":58,"column":70}},"18":{"start":{"line":59,"column":2},"end":{"line":59,"column":66}},"19":{"start":{"line":60,"column":2},"end":{"line":60,"column":73}},"20":{"start":{"line":61,"column":2},"end":{"line":61,"column":33}},"21":{"start":{"line":63,"column":2},"end":{"line":66,"column":3}},"22":{"start":{"line":64,"column":4},"end":{"line":64,"column":90}},"23":{"start":{"line":65,"column":4},"end":{"line":65,"column":55}},"24":{"start":{"line":68,"column":2},"end":{"line":68,"column":26}},"25":{"start":{"line":70,"column":2},"end":{"line":78,"column":4}},"26":{"start":{"line":71,"column":4},"end":{"line":73,"column":5}},"27":{"start":{"line":72,"column":6},"end":{"line":72,"column":34}},"28":{"start":{"line":74,"column":4},"end":{"line":77,"column":12}},"29":{"start":{"line":75,"column":6},"end":{"line":75,"column":30}},"30":{"start":{"line":76,"column":6},"end":{"line":76,"column":27}}},"branchMap":{"1":{"line":46,"type":"binary-expr","locations":[{"start":{"line":46,"column":11},"end":{"line":46,"column":15}},{"start":{"line":46,"column":19},"end":{"line":46,"column":46}},{"start":{"line":46,"column":50},"end":{"line":46,"column":52}}]},"2":{"line":71,"type":"if","locations":[{"start":{"line":71,"column":4},"end":{"line":71,"column":4}},{"start":{"line":71,"column":4},"end":{"line":71,"column":4}}]}},"code":["/* global angular, io */","","/**"," * App Config"," */","","var app = angular.module('mailDevApp', ['ngRoute', 'ngResource',  'ngSanitize', 'ngCookies']);","","app.config(['$routeProvider', function($routeProvider){","","  $routeProvider","    .when('/', { templateUrl: 'views/main.html', controller: 'MainCtrl' })","    .when('/email/:itemId', { templateUrl: 'views/item.html', controller: 'ItemCtrl' })","    .otherwise({ redirectTo: '/' });","","}]);","","app.run(['$rootScope', function($rootScope){","  ","  // Connect Socket.io","  var socket = io({","    path: location.pathname + 'socket.io'","  });","","  socket.on('newMail', function(data) {","    $rootScope.$emit('newMail', data);","  });","","  socket.on('deleteMail', function(data) {","    $rootScope.$emit('deleteMail', data);","  });","  ","  $rootScope.$on('Refresh', function() {","    console.log('Refresh event called.');","  });","","}]);","","/**"," * NewLineFilter -- Converts new line characters to br tags"," */","","app.filter('newLines', function() {","  ","  return function(text) {","    return text && text.replace(/\\n/g, '<br>') || '';","  };","","});","","/**"," * Sidebar scrollbar fixed height"," */","","(function(){","","  var sidebar             = document.querySelector('.sidebar');","  var sidebarHeader       = document.querySelector('.sidebar-header');","  var emailList           = document.querySelector('.email-list');","  var sidebarHeaderHeight = sidebarHeader.getBoundingClientRect().height;","  var resizeTimeout       = null;","","  function adjustEmailListHeight(){","    var newEmailListHeight = sidebar.getBoundingClientRect().height - sidebarHeaderHeight;","    emailList.style.height = newEmailListHeight + 'px';","  }","","  adjustEmailListHeight();","","  window.onresize = function(){","    if (resizeTimeout){","      clearTimeout(resizeTimeout);","    }","    resizeTimeout = window.setTimeout(function(){","      adjustEmailListHeight();","      resizeTimeout = null;","    }, 300);","  };","","})();",""],"l":{"7":2,"9":0,"11":0,"18":0,"21":0,"25":0,"26":0,"29":0,"30":0,"33":0,"34":0,"43":0,"45":0,"46":0,"55":0,"57":0,"58":0,"59":0,"60":0,"61":0,"63":1,"64":0,"65":0,"68":0,"70":0,"71":0,"72":0,"74":0,"75":0,"76":0}},"/home/travis/build/npmtest/node-npmtest-maildev/node_modules/maildev/app/scripts/services.js":{"path":"/home/travis/build/npmtest/node-npmtest-maildev/node_modules/maildev/app/scripts/services.js","s":{"1":2,"2":0},"b":{},"f":{"1":0},"fnMap":{"1":{"name":"(anonymous_1)","line":7,"loc":{"start":{"line":7,"column":35},"end":{"line":7,"column":55}}}},"statementMap":{"1":{"start":{"line":7,"column":0},"end":{"line":16,"column":4}},"2":{"start":{"line":9,"column":2},"end":{"line":14,"column":5}}},"branchMap":{},"code":["/* global app */","","/**"," * Email Resource"," */","","app.service('Email', ['$resource', function($resource) {","  ","  return $resource('email/:id', { id: ''}, {","    update: {","      method: 'PUT',","      params: {}","    }","  });","","}]);"],"l":{"7":2,"9":0}}}